# JRE version: OpenJDK Runtime Environment (8.0_112) (build 1.8.0_112-release-736)
# Java VM: OpenJDK 64-Bit Server VM (25.112-b736 mixed mode windows-amd64 compressed oops)
Heap:
 PSYoungGen      total 169472K, used 39737K [0x00000000e0000000, 0x00000000ef480000, 0x0000000100000000)
  eden space 147968K, 12% used [0x00000000e0000000,0x00000000e11d60a8,0x00000000e9080000)
  from space 21504K, 99% used [0x00000000e9080000,0x00000000ea5786f0,0x00000000ea580000)
  to   space 28160K, 0% used [0x00000000ed900000,0x00000000ed900000,0x00000000ef480000)
 ParOldGen       total 107520K, used 42822K [0x00000000a0000000, 0x00000000a6900000, 0x00000000e0000000)
  object space 107520K, 39% used [0x00000000a0000000,0x00000000a29d1bf8,0x00000000a6900000)
 Metaspace       used 56222K, capacity 58782K, committed 58880K, reserved 1099776K
  class space    used 7672K, capacity 8369K, committed 8448K, reserved 1048576K
GC Heap History (10 events):
Event: 6.435 GC heap before
{Heap before GC invocations=9 (full 2):
 PSYoungGen      total 105984K, used 10382K [0x00000000e0000000, 0x00000000e9b80000, 0x0000000100000000)
  eden space 94720K, 0% used [0x00000000e0000000,0x00000000e0000000,0x00000000e5c80000)
  from space 11264K, 92% used [0x00000000e5c80000,0x00000000e66a3b08,0x00000000e6780000)
  to   space 12288K, 0% used [0x00000000e8f80000,0x00000000e8f80000,0x00000000e9b80000)
 ParOldGen       total 67072K, used 11212K [0x00000000a0000000, 0x00000000a4180000, 0x00000000e0000000)
  object space 67072K, 16% used [0x00000000a0000000,0x00000000a0af32b0,0x00000000a4180000)
 Metaspace       used 34349K, capacity 35334K, committed 35416K, reserved 1079296K
  class space    used 4674K, capacity 5083K, committed 5120K, reserved 1048576K
Event: 6.511 GC heap after
Heap after GC invocations=9 (full 2):
 PSYoungGen      total 105984K, used 0K [0x00000000e0000000, 0x00000000e9b80000, 0x0000000100000000)
  eden space 94720K, 0% used [0x00000000e0000000,0x00000000e0000000,0x00000000e5c80000)
  from space 11264K, 0% used [0x00000000e5c80000,0x00000000e5c80000,0x00000000e6780000)
  to   space 12288K, 0% used [0x00000000e8f80000,0x00000000e8f80000,0x00000000e9b80000)
 ParOldGen       total 107520K, used 17080K [0x00000000a0000000, 0x00000000a6900000, 0x00000000e0000000)
  object space 107520K, 15% used [0x00000000a0000000,0x00000000a10ae140,0x00000000a6900000)
 Metaspace       used 34349K, capacity 35334K, committed 35416K, reserved 1079296K
  class space    used 4674K, capacity 5083K, committed 5120K, reserved 1048576K
}
Event: 7.662 GC heap before
{Heap before GC invocations=10 (full 2):
 PSYoungGen      total 105984K, used 94720K [0x00000000e0000000, 0x00000000e9b80000, 0x0000000100000000)
  eden space 94720K, 100% used [0x00000000e0000000,0x00000000e5c80000,0x00000000e5c80000)
  from space 11264K, 0% used [0x00000000e5c80000,0x00000000e5c80000,0x00000000e6780000)
  to   space 12288K, 0% used [0x00000000e8f80000,0x00000000e8f80000,0x00000000e9b80000)
 ParOldGen       total 107520K, used 17080K [0x00000000a0000000, 0x00000000a6900000, 0x00000000e0000000)
  object space 107520K, 15% used [0x00000000a0000000,0x00000000a10ae140,0x00000000a6900000)
 Metaspace       used 41314K, capacity 42462K, committed 42624K, reserved 1085440K
  class space    used 5537K, capacity 5947K, committed 6016K, reserved 1048576K
Event: 7.672 GC heap after
Heap after GC invocations=10 (full 2):
 PSYoungGen      total 138752K, used 10395K [0x00000000e0000000, 0x00000000e9a00000, 0x0000000100000000)
  eden space 128000K, 0% used [0x00000000e0000000,0x00000000e0000000,0x00000000e7d00000)
  from space 10752K, 96% used [0x00000000e8f80000,0x00000000e99a6d48,0x00000000e9a00000)
  to   space 12800K, 0% used [0x00000000e8100000,0x00000000e8100000,0x00000000e8d80000)
 ParOldGen       total 107520K, used 17088K [0x00000000a0000000, 0x00000000a6900000, 0x00000000e0000000)
  object space 107520K, 15% used [0x00000000a0000000,0x00000000a10b0140,0x00000000a6900000)
 Metaspace       used 41314K, capacity 42462K, committed 42624K, reserved 1085440K
  class space    used 5537K, capacity 5947K, committed 6016K, reserved 1048576K
}
Event: 8.914 GC heap before
{Heap before GC invocations=11 (full 2):
 PSYoungGen      total 138752K, used 138395K [0x00000000e0000000, 0x00000000e9a00000, 0x0000000100000000)
  eden space 128000K, 100% used [0x00000000e0000000,0x00000000e7d00000,0x00000000e7d00000)
  from space 10752K, 96% used [0x00000000e8f80000,0x00000000e99a6d48,0x00000000e9a00000)
  to   space 12800K, 0% used [0x00000000e8100000,0x00000000e8100000,0x00000000e8d80000)
 ParOldGen       total 107520K, used 17088K [0x00000000a0000000, 0x00000000a6900000, 0x00000000e0000000)
  object space 107520K, 15% used [0x00000000a0000000,0x00000000a10b0140,0x00000000a6900000)
 Metaspace       used 46673K, capacity 47886K, committed 48256K, reserved 1091584K
  class space    used 6243K, capacity 6672K, committed 6784K, reserved 1048576K
Event: 8.925 GC heap after
Heap after GC invocations=11 (full 2):
 PSYoungGen      total 144896K, used 12794K [0x00000000e0000000, 0x00000000eb400000, 0x0000000100000000)
  eden space 132096K, 0% used [0x00000000e0000000,0x00000000e0000000,0x00000000e8100000)
  from space 12800K, 99% used [0x00000000e8100000,0x00000000e8d7e968,0x00000000e8d80000)
  to   space 14848K, 0% used [0x00000000ea580000,0x00000000ea580000,0x00000000eb400000)
 ParOldGen       total 107520K, used 18647K [0x00000000a0000000, 0x00000000a6900000, 0x00000000e0000000)
  object space 107520K, 17% used [0x00000000a0000000,0x00000000a1235df8,0x00000000a6900000)
 Metaspace       used 46673K, capacity 47886K, committed 48256K, reserved 1091584K
  class space    used 6243K, capacity 6672K, committed 6784K, reserved 1048576K
}
Event: 10.747 GC heap before
{Heap before GC invocations=12 (full 2):
 PSYoungGen      total 144896K, used 144890K [0x00000000e0000000, 0x00000000eb400000, 0x0000000100000000)
  eden space 132096K, 100% used [0x00000000e0000000,0x00000000e8100000,0x00000000e8100000)
  from space 12800K, 99% used [0x00000000e8100000,0x00000000e8d7e968,0x00000000e8d80000)
  to   space 14848K, 0% used [0x00000000ea580000,0x00000000ea580000,0x00000000eb400000)
 ParOldGen       total 107520K, used 18647K [0x00000000a0000000, 0x00000000a6900000, 0x00000000e0000000)
  object space 107520K, 17% used [0x00000000a0000000,0x00000000a1235df8,0x00000000a6900000)
 Metaspace       used 53689K, capacity 55946K, committed 56064K, reserved 1097728K
  class space    used 7317K, capacity 7918K, committed 7936K, reserved 1048576K
Event: 10.781 GC heap after
Heap after GC invocations=12 (full 2):
 PSYoungGen      total 162816K, used 14817K [0x00000000e0000000, 0x00000000ec900000, 0x0000000100000000)
  eden space 147968K, 0% used [0x00000000e0000000,0x00000000e0000000,0x00000000e9080000)
  from space 14848K, 99% used [0x00000000ea580000,0x00000000eb3f86f0,0x00000000eb400000)
  to   space 21504K, 0% used [0x00000000e9080000,0x00000000e9080000,0x00000000ea580000)
 ParOldGen       total 107520K, used 32319K [0x00000000a0000000, 0x00000000a6900000, 0x00000000e0000000)
  object space 107520K, 30% used [0x00000000a0000000,0x00000000a1f8ff20,0x00000000a6900000)
 Metaspace       used 53689K, capacity 55946K, committed 56064K, reserved 1097728K
  class space    used 7317K, capacity 7918K, committed 7936K, reserved 1048576K
}
Event: 12.141 GC heap before
{Heap before GC invocations=13 (full 2):
 PSYoungGen      total 162816K, used 162785K [0x00000000e0000000, 0x00000000ec900000, 0x0000000100000000)
  eden space 147968K, 100% used [0x00000000e0000000,0x00000000e9080000,0x00000000e9080000)
  from space 14848K, 99% used [0x00000000ea580000,0x00000000eb3f86f0,0x00000000eb400000)
  to   space 21504K, 0% used [0x00000000e9080000,0x00000000e9080000,0x00000000ea580000)
 ParOldGen       total 107520K, used 32319K [0x00000000a0000000, 0x00000000a6900000, 0x00000000e0000000)
  object space 107520K, 30% used [0x00000000a0000000,0x00000000a1f8ff20,0x00000000a6900000)
 Metaspace       used 55992K, capacity 58424K, committed 58624K, reserved 1099776K
  class space    used 7657K, capacity 8336K, committed 8448K, reserved 1048576K
Event: 12.208 GC heap after
Heap after GC invocations=13 (full 2):
 PSYoungGen      total 169472K, used 21473K [0x00000000e0000000, 0x00000000ef480000, 0x0000000100000000)
  eden space 147968K, 0% used [0x00000000e0000000,0x00000000e0000000,0x00000000e9080000)
  from space 21504K, 99% used [0x00000000e9080000,0x00000000ea5786f0,0x00000000ea580000)
  to   space 28160K, 0% used [0x00000000ed900000,0x00000000ed900000,0x00000000ef480000)
 ParOldGen       total 107520K, used 42822K [0x00000000a0000000, 0x00000000a6900000, 0x00000000e0000000)
  object space 107520K, 39% used [0x00000000a0000000,0x00000000a29d1bf8,0x00000000a6900000)
 Metaspace       used 55992K, capacity 58424K, committed 58624K, reserved 1099776K
  class space    used 7657K, capacity 8336K, committed 8448K, reserved 1048576K
}

