# JRE version: OpenJDK Runtime Environment (8.0_112) (build 1.8.0_112-release-736)
# Java VM: OpenJDK 64-Bit Server VM (25.112-b736 mixed mode windows-amd64 compressed oops)
Heap:
 PSYoungGen      total 452096K, used 246470K [0x00000000e0000000, 0x0000000100000000, 0x0000000100000000)
  eden space 384512K, 46% used [0x00000000e0000000,0x00000000eaeb9100,0x00000000f7780000)
  from space 67584K, 99% used [0x00000000f7780000,0x00000000fb978a40,0x00000000fb980000)
  to   space 72192K, 0% used [0x00000000fb980000,0x00000000fb980000,0x0000000100000000)
 ParOldGen       total 381952K, used 233088K [0x00000000a0000000, 0x00000000b7500000, 0x00000000e0000000)
  object space 381952K, 61% used [0x00000000a0000000,0x00000000ae3a02f0,0x00000000b7500000)
 Metaspace       used 96649K, capacity 102652K, committed 103000K, reserved 1138688K
  class space    used 11969K, capacity 13310K, committed 13440K, reserved 1048576K
GC Heap History (10 events):
Event: 1365.860 GC heap before
{Heap before GC invocations=40 (full 4):
 PSYoungGen      total 439296K, used 365272K [0x00000000e0000000, 0x0000000100000000, 0x0000000100000000)
  eden space 365056K, 99% used [0x00000000e0000000,0x00000000f63f0b10,0x00000000f6480000)
  from space 74240K, 1% used [0x00000000f6480000,0x00000000f6545638,0x00000000fad00000)
  to   space 74752K, 0% used [0x00000000fb700000,0x00000000fb700000,0x0000000100000000)
 ParOldGen       total 317440K, used 226485K [0x00000000a0000000, 0x00000000b3600000, 0x00000000e0000000)
  object space 317440K, 71% used [0x00000000a0000000,0x00000000add2d558,0x00000000b3600000)
 Metaspace       used 89528K, capacity 95466K, committed 95704K, reserved 1132544K
  class space    used 11144K, capacity 12499K, committed 12544K, reserved 1048576K
Event: 1365.870 GC heap after
Heap after GC invocations=40 (full 4):
 PSYoungGen      total 441344K, used 23808K [0x00000000e0000000, 0x00000000ff780000, 0x0000000100000000)
  eden space 375296K, 0% used [0x00000000e0000000,0x00000000e0000000,0x00000000f6e80000)
  from space 66048K, 36% used [0x00000000fb700000,0x00000000fce40078,0x00000000ff780000)
  to   space 70144K, 0% used [0x00000000f6e80000,0x00000000f6e80000,0x00000000fb300000)
 ParOldGen       total 317440K, used 226613K [0x00000000a0000000, 0x00000000b3600000, 0x00000000e0000000)
  object space 317440K, 71% used [0x00000000a0000000,0x00000000add4d558,0x00000000b3600000)
 Metaspace       used 89528K, capacity 95466K, committed 95704K, reserved 1132544K
  class space    used 11144K, capacity 12499K, committed 12544K, reserved 1048576K
}
Event: 1366.459 GC heap before
{Heap before GC invocations=41 (full 5):
 PSYoungGen      total 441344K, used 399104K [0x00000000e0000000, 0x00000000ff780000, 0x0000000100000000)
  eden space 375296K, 100% used [0x00000000e0000000,0x00000000f6e80000,0x00000000f6e80000)
  from space 66048K, 36% used [0x00000000fb700000,0x00000000fce40078,0x00000000ff780000)
  to   space 70144K, 0% used [0x00000000f6e80000,0x00000000f6e80000,0x00000000fb300000)
 ParOldGen       total 317440K, used 308343K [0x00000000a0000000, 0x00000000b3600000, 0x00000000e0000000)
  object space 317440K, 97% used [0x00000000a0000000,0x00000000b2d1de28,0x00000000b3600000)
 Metaspace       used 89554K, capacity 95472K, committed 95704K, reserved 1132544K
  class space    used 11147K, capacity 12500K, committed 12544K, reserved 1048576K
Event: 1366.801 GC heap after
Heap after GC invocations=41 (full 5):
 PSYoungGen      total 441344K, used 0K [0x00000000e0000000, 0x00000000ff780000, 0x0000000100000000)
  eden space 375296K, 0% used [0x00000000e0000000,0x00000000e0000000,0x00000000f6e80000)
  from space 66048K, 0% used [0x00000000fb700000,0x00000000fb700000,0x00000000ff780000)
  to   space 70144K, 0% used [0x00000000f6e80000,0x00000000f6e80000,0x00000000fb300000)
 ParOldGen       total 381952K, used 219170K [0x00000000a0000000, 0x00000000b7500000, 0x00000000e0000000)
  object space 381952K, 57% used [0x00000000a0000000,0x00000000ad6088d8,0x00000000b7500000)
 Metaspace       used 89263K, capacity 94994K, committed 95704K, reserved 1132544K
  class space    used 11099K, capacity 12411K, committed 12544K, reserved 1048576K
}
Event: 1367.102 GC heap before
{Heap before GC invocations=42 (full 5):
 PSYoungGen      total 441344K, used 374909K [0x00000000e0000000, 0x00000000ff780000, 0x0000000100000000)
  eden space 375296K, 99% used [0x00000000e0000000,0x00000000f6e1f6a8,0x00000000f6e80000)
  from space 66048K, 0% used [0x00000000fb700000,0x00000000fb700000,0x00000000ff780000)
  to   space 70144K, 0% used [0x00000000f6e80000,0x00000000f6e80000,0x00000000fb300000)
 ParOldGen       total 381952K, used 219170K [0x00000000a0000000, 0x00000000b7500000, 0x00000000e0000000)
  object space 381952K, 57% used [0x00000000a0000000,0x00000000ad6088d8,0x00000000b7500000)
 Metaspace       used 89369K, capacity 95092K, committed 95704K, reserved 1132544K
  class space    used 11118K, capacity 12418K, committed 12544K, reserved 1048576K
Event: 1367.108 GC heap after
Heap after GC invocations=42 (full 5):
 PSYoungGen      total 445440K, used 1212K [0x00000000e0000000, 0x0000000100000000, 0x0000000100000000)
  eden space 375296K, 0% used [0x00000000e0000000,0x00000000e0000000,0x00000000f6e80000)
  from space 70144K, 1% used [0x00000000f6e80000,0x00000000f6faf2a0,0x00000000fb300000)
  to   space 69632K, 0% used [0x00000000fbc00000,0x00000000fbc00000,0x0000000100000000)
 ParOldGen       total 381952K, used 219178K [0x00000000a0000000, 0x00000000b7500000, 0x00000000e0000000)
  object space 381952K, 57% used [0x00000000a0000000,0x00000000ad60a8d8,0x00000000b7500000)
 Metaspace       used 89369K, capacity 95092K, committed 95704K, reserved 1132544K
  class space    used 11118K, capacity 12418K, committed 12544K, reserved 1048576K
}
Event: 4049.843 GC heap before
{Heap before GC invocations=43 (full 5):
 PSYoungGen      total 445440K, used 376508K [0x00000000e0000000, 0x0000000100000000, 0x0000000100000000)
  eden space 375296K, 100% used [0x00000000e0000000,0x00000000f6e80000,0x00000000f6e80000)
  from space 70144K, 1% used [0x00000000f6e80000,0x00000000f6faf2a0,0x00000000fb300000)
  to   space 69632K, 0% used [0x00000000fbc00000,0x00000000fbc00000,0x0000000100000000)
 ParOldGen       total 381952K, used 219178K [0x00000000a0000000, 0x00000000b7500000, 0x00000000e0000000)
  object space 381952K, 57% used [0x00000000a0000000,0x00000000ad60a8d8,0x00000000b7500000)
 Metaspace       used 90271K, capacity 96308K, committed 96600K, reserved 1132544K
  class space    used 11256K, capacity 12586K, committed 12672K, reserved 1048576K
Event: 4049.933 GC heap after
Heap after GC invocations=43 (full 5):
 PSYoungGen      total 449536K, used 9606K [0x00000000e0000000, 0x00000000ffb80000, 0x0000000100000000)
  eden space 384512K, 0% used [0x00000000e0000000,0x00000000e0000000,0x00000000f7780000)
  from space 65024K, 14% used [0x00000000fbc00000,0x00000000fc561988,0x00000000ffb80000)
  to   space 67584K, 0% used [0x00000000f7780000,0x00000000f7780000,0x00000000fb980000)
 ParOldGen       total 381952K, used 219651K [0x00000000a0000000, 0x00000000b7500000, 0x00000000e0000000)
  object space 381952K, 57% used [0x00000000a0000000,0x00000000ad680e10,0x00000000b7500000)
 Metaspace       used 90271K, capacity 96308K, committed 96600K, reserved 1132544K
  class space    used 11256K, capacity 12586K, committed 12672K, reserved 1048576K
}
Event: 4062.667 GC heap before
{Heap before GC invocations=44 (full 5):
 PSYoungGen      total 449536K, used 394118K [0x00000000e0000000, 0x00000000ffb80000, 0x0000000100000000)
  eden space 384512K, 100% used [0x00000000e0000000,0x00000000f7780000,0x00000000f7780000)
  from space 65024K, 14% used [0x00000000fbc00000,0x00000000fc561988,0x00000000ffb80000)
  to   space 67584K, 0% used [0x00000000f7780000,0x00000000f7780000,0x00000000fb980000)
 ParOldGen       total 381952K, used 219651K [0x00000000a0000000, 0x00000000b7500000, 0x00000000e0000000)
  object space 381952K, 57% used [0x00000000a0000000,0x00000000ad680e10,0x00000000b7500000)
 Metaspace       used 96568K, capacity 102604K, committed 103000K, reserved 1138688K
  class space    used 11961K, capacity 13300K, committed 13440K, reserved 1048576K
Event: 4062.771 GC heap after
Heap after GC invocations=44 (full 5):
 PSYoungGen      total 452096K, used 67554K [0x00000000e0000000, 0x0000000100000000, 0x0000000100000000)
  eden space 384512K, 0% used [0x00000000e0000000,0x00000000e0000000,0x00000000f7780000)
  from space 67584K, 99% used [0x00000000f7780000,0x00000000fb978a40,0x00000000fb980000)
  to   space 72192K, 0% used [0x00000000fb980000,0x00000000fb980000,0x0000000100000000)
 ParOldGen       total 381952K, used 233088K [0x00000000a0000000, 0x00000000b7500000, 0x00000000e0000000)
  object space 381952K, 61% used [0x00000000a0000000,0x00000000ae3a02f0,0x00000000b7500000)
 Metaspace       used 96568K, capacity 102604K, committed 103000K, reserved 1138688K
  class space    used 11961K, capacity 13300K, committed 13440K, reserved 1048576K
}

