# JRE version: OpenJDK Runtime Environment (8.0_112) (build 1.8.0_112-release-736)
# Java VM: OpenJDK 64-Bit Server VM (25.112-b736 mixed mode windows-amd64 compressed oops)
Heap:
 PSYoungGen      total 232448K, used 96252K [0x00000000e0000000, 0x00000000f0380000, 0x0000000100000000)
  eden space 217088K, 37% used [0x00000000e0000000,0x00000000e4f06010,0x00000000ed400000)
  from space 15360K, 99% used [0x00000000ef480000,0x00000000f03791f0,0x00000000f0380000)
  to   space 23040K, 0% used [0x00000000ed680000,0x00000000ed680000,0x00000000eed00000)
 ParOldGen       total 103424K, used 42382K [0x00000000a0000000, 0x00000000a6500000, 0x00000000e0000000)
  object space 103424K, 40% used [0x00000000a0000000,0x00000000a2963ac8,0x00000000a6500000)
 Metaspace       used 60473K, capacity 62588K, committed 62808K, reserved 1103872K
  class space    used 7897K, capacity 8456K, committed 8576K, reserved 1048576K
GC Heap History (10 events):
Event: 7.465 GC heap before
{Heap before GC invocations=11 (full 2):
 PSYoungGen      total 150528K, used 150415K [0x00000000e0000000, 0x00000000ea880000, 0x0000000100000000)
  eden space 139776K, 100% used [0x00000000e0000000,0x00000000e8880000,0x00000000e8880000)
  from space 10752K, 98% used [0x00000000e9e00000,0x00000000ea863d50,0x00000000ea880000)
  to   space 12288K, 0% used [0x00000000e9080000,0x00000000e9080000,0x00000000e9c80000)
 ParOldGen       total 103424K, used 17224K [0x00000000a0000000, 0x00000000a6500000, 0x00000000e0000000)
  object space 103424K, 16% used [0x00000000a0000000,0x00000000a10d2018,0x00000000a6500000)
 Metaspace       used 48128K, capacity 49582K, committed 49880K, reserved 1091584K
  class space    used 6442K, capacity 6840K, committed 6912K, reserved 1048576K
Event: 7.483 GC heap after
Heap after GC invocations=11 (full 2):
 PSYoungGen      total 160256K, used 12278K [0x00000000e0000000, 0x00000000ec680000, 0x0000000100000000)
  eden space 147968K, 0% used [0x00000000e0000000,0x00000000e0000000,0x00000000e9080000)
  from space 12288K, 99% used [0x00000000e9080000,0x00000000e9c7da88,0x00000000e9c80000)
  to   space 15360K, 0% used [0x00000000eb780000,0x00000000eb780000,0x00000000ec680000)
 ParOldGen       total 103424K, used 21420K [0x00000000a0000000, 0x00000000a6500000, 0x00000000e0000000)
  object space 103424K, 20% used [0x00000000a0000000,0x00000000a14eb2e0,0x00000000a6500000)
 Metaspace       used 48128K, capacity 49582K, committed 49880K, reserved 1091584K
  class space    used 6442K, capacity 6840K, committed 6912K, reserved 1048576K
}
Event: 9.762 GC heap before
{Heap before GC invocations=12 (full 2):
 PSYoungGen      total 160256K, used 160246K [0x00000000e0000000, 0x00000000ec680000, 0x0000000100000000)
  eden space 147968K, 100% used [0x00000000e0000000,0x00000000e9080000,0x00000000e9080000)
  from space 12288K, 99% used [0x00000000e9080000,0x00000000e9c7da88,0x00000000e9c80000)
  to   space 15360K, 0% used [0x00000000eb780000,0x00000000eb780000,0x00000000ec680000)
 ParOldGen       total 103424K, used 21420K [0x00000000a0000000, 0x00000000a6500000, 0x00000000e0000000)
  object space 103424K, 20% used [0x00000000a0000000,0x00000000a14eb2e0,0x00000000a6500000)
 Metaspace       used 54933K, capacity 56958K, committed 57048K, reserved 1097728K
  class space    used 7417K, capacity 7933K, committed 7936K, reserved 1048576K
Event: 9.801 GC heap after
Heap after GC invocations=12 (full 2):
 PSYoungGen      total 181248K, used 15329K [0x00000000e0000000, 0x00000000ede00000, 0x0000000100000000)
  eden space 165888K, 0% used [0x00000000e0000000,0x00000000e0000000,0x00000000ea200000)
  from space 15360K, 99% used [0x00000000eb780000,0x00000000ec678700,0x00000000ec680000)
  to   space 22016K, 0% used [0x00000000ea200000,0x00000000ea200000,0x00000000eb780000)
 ParOldGen       total 103424K, used 34758K [0x00000000a0000000, 0x00000000a6500000, 0x00000000e0000000)
  object space 103424K, 33% used [0x00000000a0000000,0x00000000a21f1a80,0x00000000a6500000)
 Metaspace       used 54933K, capacity 56958K, committed 57048K, reserved 1097728K
  class space    used 7417K, capacity 7933K, committed 7936K, reserved 1048576K
}
Event: 9.926 GC heap before
{Heap before GC invocations=13 (full 2):
 PSYoungGen      total 181248K, used 20821K [0x00000000e0000000, 0x00000000ede00000, 0x0000000100000000)
  eden space 165888K, 3% used [0x00000000e0000000,0x00000000e055cde8,0x00000000ea200000)
  from space 15360K, 99% used [0x00000000eb780000,0x00000000ec678700,0x00000000ec680000)
  to   space 22016K, 0% used [0x00000000ea200000,0x00000000ea200000,0x00000000eb780000)
 ParOldGen       total 103424K, used 34758K [0x00000000a0000000, 0x00000000a6500000, 0x00000000e0000000)
  object space 103424K, 33% used [0x00000000a0000000,0x00000000a21f1a80,0x00000000a6500000)
 Metaspace       used 56866K, capacity 58878K, committed 59028K, reserved 1099776K
  class space    used 7658K, capacity 8189K, committed 8192K, reserved 1048576K
Event: 9.940 GC heap after
Heap after GC invocations=13 (full 2):
 PSYoungGen      total 187904K, used 15893K [0x00000000e0000000, 0x00000000f0a80000, 0x0000000100000000)
  eden space 165888K, 0% used [0x00000000e0000000,0x00000000e0000000,0x00000000ea200000)
  from space 22016K, 72% used [0x00000000ea200000,0x00000000eb185710,0x00000000eb780000)
  to   space 22528K, 0% used [0x00000000ef480000,0x00000000ef480000,0x00000000f0a80000)
 ParOldGen       total 103424K, used 34766K [0x00000000a0000000, 0x00000000a6500000, 0x00000000e0000000)
  object space 103424K, 33% used [0x00000000a0000000,0x00000000a21f3a80,0x00000000a6500000)
 Metaspace       used 56866K, capacity 58878K, committed 59028K, reserved 1099776K
  class space    used 7658K, capacity 8189K, committed 8192K, reserved 1048576K
}
Event: 9.940 GC heap before
{Heap before GC invocations=14 (full 3):
 PSYoungGen      total 187904K, used 15893K [0x00000000e0000000, 0x00000000f0a80000, 0x0000000100000000)
  eden space 165888K, 0% used [0x00000000e0000000,0x00000000e0000000,0x00000000ea200000)
  from space 22016K, 72% used [0x00000000ea200000,0x00000000eb185710,0x00000000eb780000)
  to   space 22528K, 0% used [0x00000000ef480000,0x00000000ef480000,0x00000000f0a80000)
 ParOldGen       total 103424K, used 34766K [0x00000000a0000000, 0x00000000a6500000, 0x00000000e0000000)
  object space 103424K, 33% used [0x00000000a0000000,0x00000000a21f3a80,0x00000000a6500000)
 Metaspace       used 56866K, capacity 58878K, committed 59028K, reserved 1099776K
  class space    used 7658K, capacity 8189K, committed 8192K, reserved 1048576K
Event: 10.142 GC heap after
Heap after GC invocations=14 (full 3):
 PSYoungGen      total 187904K, used 0K [0x00000000e0000000, 0x00000000f0a80000, 0x0000000100000000)
  eden space 165888K, 0% used [0x00000000e0000000,0x00000000e0000000,0x00000000ea200000)
  from space 22016K, 0% used [0x00000000ea200000,0x00000000ea200000,0x00000000eb780000)
  to   space 22528K, 0% used [0x00000000ef480000,0x00000000ef480000,0x00000000f0a80000)
 ParOldGen       total 103424K, used 42382K [0x00000000a0000000, 0x00000000a6500000, 0x00000000e0000000)
  object space 103424K, 40% used [0x00000000a0000000,0x00000000a2963ac8,0x00000000a6500000)
 Metaspace       used 56866K, capacity 58878K, committed 59028K, reserved 1099776K
  class space    used 7658K, capacity 8189K, committed 8192K, reserved 1048576K
}
Event: 14.441 GC heap before
{Heap before GC invocations=15 (full 3):
 PSYoungGen      total 187904K, used 165884K [0x00000000e0000000, 0x00000000f0a80000, 0x0000000100000000)
  eden space 165888K, 99% used [0x00000000e0000000,0x00000000ea1ff188,0x00000000ea200000)
  from space 22016K, 0% used [0x00000000ea200000,0x00000000ea200000,0x00000000eb780000)
  to   space 22528K, 0% used [0x00000000ef480000,0x00000000ef480000,0x00000000f0a80000)
 ParOldGen       total 103424K, used 42382K [0x00000000a0000000, 0x00000000a6500000, 0x00000000e0000000)
  object space 103424K, 40% used [0x00000000a0000000,0x00000000a2963ac8,0x00000000a6500000)
 Metaspace       used 59384K, capacity 61374K, committed 61528K, reserved 1101824K
  class space    used 7797K, capacity 8317K, committed 8320K, reserved 1048576K
Event: 14.473 GC heap after
Heap after GC invocations=15 (full 3):
 PSYoungGen      total 232448K, used 15332K [0x00000000e0000000, 0x00000000f0380000, 0x0000000100000000)
  eden space 217088K, 0% used [0x00000000e0000000,0x00000000e0000000,0x00000000ed400000)
  from space 15360K, 99% used [0x00000000ef480000,0x00000000f03791f0,0x00000000f0380000)
  to   space 23040K, 0% used [0x00000000ed680000,0x00000000ed680000,0x00000000eed00000)
 ParOldGen       total 103424K, used 42382K [0x00000000a0000000, 0x00000000a6500000, 0x00000000e0000000)
  object space 103424K, 40% used [0x00000000a0000000,0x00000000a2963ac8,0x00000000a6500000)
 Metaspace       used 59384K, capacity 61374K, committed 61528K, reserved 1101824K
  class space    used 7797K, capacity 8317K, committed 8320K, reserved 1048576K
}

