# JRE version: OpenJDK Runtime Environment (8.0_112) (build 1.8.0_112-release-736)
# Java VM: OpenJDK 64-Bit Server VM (25.112-b736 mixed mode windows-amd64 compressed oops)
Heap:
 PSYoungGen      total 185856K, used 69564K [0x00000000e0000000, 0x00000000ef480000, 0x0000000100000000)
  eden space 163840K, 42% used [0x00000000e0000000,0x00000000e43ef168,0x00000000ea000000)
  from space 22016K, 0% used [0x00000000ea000000,0x00000000ea000000,0x00000000eb580000)
  to   space 24064K, 0% used [0x00000000edd00000,0x00000000edd00000,0x00000000ef480000)
 ParOldGen       total 161792K, used 42217K [0x00000000a0000000, 0x00000000a9e00000, 0x00000000e0000000)
  object space 161792K, 26% used [0x00000000a0000000,0x00000000a293a5d0,0x00000000a9e00000)
 Metaspace       used 59203K, capacity 61406K, committed 61656K, reserved 1101824K
  class space    used 7808K, capacity 8351K, committed 8448K, reserved 1048576K
GC Heap History (10 events):
Event: 5.849 GC heap before
{Heap before GC invocations=10 (full 2):
 PSYoungGen      total 112128K, used 101376K [0x00000000e0000000, 0x00000000ead80000, 0x0000000100000000)
  eden space 101376K, 100% used [0x00000000e0000000,0x00000000e6300000,0x00000000e6300000)
  from space 10752K, 0% used [0x00000000e6300000,0x00000000e6300000,0x00000000e6d80000)
  to   space 11776K, 0% used [0x00000000ea200000,0x00000000ea200000,0x00000000ead80000)
 ParOldGen       total 101376K, used 17212K [0x00000000a0000000, 0x00000000a6300000, 0x00000000e0000000)
  object space 101376K, 16% used [0x00000000a0000000,0x00000000a10cf218,0x00000000a6300000)
 Metaspace       used 40728K, capacity 41732K, committed 42200K, reserved 1085440K
  class space    used 5441K, capacity 5788K, committed 5888K, reserved 1048576K
Event: 5.861 GC heap after
Heap after GC invocations=10 (full 2):
 PSYoungGen      total 151040K, used 11107K [0x00000000e0000000, 0x00000000ead00000, 0x0000000100000000)
  eden space 139776K, 0% used [0x00000000e0000000,0x00000000e0000000,0x00000000e8880000)
  from space 11264K, 98% used [0x00000000ea200000,0x00000000eacd8e38,0x00000000ead00000)
  to   space 12800K, 0% used [0x00000000e9400000,0x00000000e9400000,0x00000000ea080000)
 ParOldGen       total 101376K, used 17220K [0x00000000a0000000, 0x00000000a6300000, 0x00000000e0000000)
  object space 101376K, 16% used [0x00000000a0000000,0x00000000a10d1218,0x00000000a6300000)
 Metaspace       used 40728K, capacity 41732K, committed 42200K, reserved 1085440K
  class space    used 5441K, capacity 5788K, committed 5888K, reserved 1048576K
}
Event: 7.255 GC heap before
{Heap before GC invocations=11 (full 2):
 PSYoungGen      total 151040K, used 150883K [0x00000000e0000000, 0x00000000ead00000, 0x0000000100000000)
  eden space 139776K, 100% used [0x00000000e0000000,0x00000000e8880000,0x00000000e8880000)
  from space 11264K, 98% used [0x00000000ea200000,0x00000000eacd8e38,0x00000000ead00000)
  to   space 12800K, 0% used [0x00000000e9400000,0x00000000e9400000,0x00000000ea080000)
 ParOldGen       total 101376K, used 17220K [0x00000000a0000000, 0x00000000a6300000, 0x00000000e0000000)
  object space 101376K, 16% used [0x00000000a0000000,0x00000000a10d1218,0x00000000a6300000)
 Metaspace       used 48186K, capacity 49722K, committed 49880K, reserved 1091584K
  class space    used 6443K, capacity 6883K, committed 6912K, reserved 1048576K
Event: 7.268 GC heap after
Heap after GC invocations=11 (full 2):
 PSYoungGen      total 164352K, used 12775K [0x00000000e0000000, 0x00000000ec500000, 0x0000000100000000)
  eden space 151552K, 0% used [0x00000000e0000000,0x00000000e0000000,0x00000000e9400000)
  from space 12800K, 99% used [0x00000000e9400000,0x00000000ea079e98,0x00000000ea080000)
  to   space 15872K, 0% used [0x00000000eb580000,0x00000000eb580000,0x00000000ec500000)
 ParOldGen       total 101376K, used 21072K [0x00000000a0000000, 0x00000000a6300000, 0x00000000e0000000)
  object space 101376K, 20% used [0x00000000a0000000,0x00000000a14940b8,0x00000000a6300000)
 Metaspace       used 48186K, capacity 49722K, committed 49880K, reserved 1091584K
  class space    used 6443K, capacity 6883K, committed 6912K, reserved 1048576K
}
Event: 9.490 GC heap before
{Heap before GC invocations=12 (full 2):
 PSYoungGen      total 164352K, used 164327K [0x00000000e0000000, 0x00000000ec500000, 0x0000000100000000)
  eden space 151552K, 100% used [0x00000000e0000000,0x00000000e9400000,0x00000000e9400000)
  from space 12800K, 99% used [0x00000000e9400000,0x00000000ea079e98,0x00000000ea080000)
  to   space 15872K, 0% used [0x00000000eb580000,0x00000000eb580000,0x00000000ec500000)
 ParOldGen       total 101376K, used 21072K [0x00000000a0000000, 0x00000000a6300000, 0x00000000e0000000)
  object space 101376K, 20% used [0x00000000a0000000,0x00000000a14940b8,0x00000000a6300000)
 Metaspace       used 53427K, capacity 55532K, committed 55640K, reserved 1097728K
  class space    used 7187K, capacity 7724K, committed 7808K, reserved 1048576K
Event: 9.518 GC heap after
Heap after GC invocations=12 (full 2):
 PSYoungGen      total 179712K, used 15846K [0x00000000e0000000, 0x00000000edf00000, 0x0000000100000000)
  eden space 163840K, 0% used [0x00000000e0000000,0x00000000e0000000,0x00000000ea000000)
  from space 15872K, 99% used [0x00000000eb580000,0x00000000ec4f99c0,0x00000000ec500000)
  to   space 22016K, 0% used [0x00000000ea000000,0x00000000ea000000,0x00000000eb580000)
 ParOldGen       total 101376K, used 33577K [0x00000000a0000000, 0x00000000a6300000, 0x00000000e0000000)
  object space 101376K, 33% used [0x00000000a0000000,0x00000000a20ca7e8,0x00000000a6300000)
 Metaspace       used 53427K, capacity 55532K, committed 55640K, reserved 1097728K
  class space    used 7187K, capacity 7724K, committed 7808K, reserved 1048576K
}
Event: 10.604 GC heap before
{Heap before GC invocations=13 (full 2):
 PSYoungGen      total 179712K, used 69717K [0x00000000e0000000, 0x00000000edf00000, 0x0000000100000000)
  eden space 163840K, 32% used [0x00000000e0000000,0x00000000e349ba98,0x00000000ea000000)
  from space 15872K, 99% used [0x00000000eb580000,0x00000000ec4f99c0,0x00000000ec500000)
  to   space 22016K, 0% used [0x00000000ea000000,0x00000000ea000000,0x00000000eb580000)
 ParOldGen       total 101376K, used 33577K [0x00000000a0000000, 0x00000000a6300000, 0x00000000e0000000)
  object space 101376K, 33% used [0x00000000a0000000,0x00000000a20ca7e8,0x00000000a6300000)
 Metaspace       used 56730K, capacity 58878K, committed 59028K, reserved 1099776K
  class space    used 7650K, capacity 8191K, committed 8192K, reserved 1048576K
Event: 10.628 GC heap after
Heap after GC invocations=13 (full 2):
 PSYoungGen      total 185856K, used 19478K [0x00000000e0000000, 0x00000000ef480000, 0x0000000100000000)
  eden space 163840K, 0% used [0x00000000e0000000,0x00000000e0000000,0x00000000ea000000)
  from space 22016K, 88% used [0x00000000ea000000,0x00000000eb305a00,0x00000000eb580000)
  to   space 24064K, 0% used [0x00000000edd00000,0x00000000edd00000,0x00000000ef480000)
 ParOldGen       total 101376K, used 33585K [0x00000000a0000000, 0x00000000a6300000, 0x00000000e0000000)
  object space 101376K, 33% used [0x00000000a0000000,0x00000000a20cc7e8,0x00000000a6300000)
 Metaspace       used 56730K, capacity 58878K, committed 59028K, reserved 1099776K
  class space    used 7650K, capacity 8191K, committed 8192K, reserved 1048576K
}
Event: 10.628 GC heap before
{Heap before GC invocations=14 (full 3):
 PSYoungGen      total 185856K, used 19478K [0x00000000e0000000, 0x00000000ef480000, 0x0000000100000000)
  eden space 163840K, 0% used [0x00000000e0000000,0x00000000e0000000,0x00000000ea000000)
  from space 22016K, 88% used [0x00000000ea000000,0x00000000eb305a00,0x00000000eb580000)
  to   space 24064K, 0% used [0x00000000edd00000,0x00000000edd00000,0x00000000ef480000)
 ParOldGen       total 101376K, used 33585K [0x00000000a0000000, 0x00000000a6300000, 0x00000000e0000000)
  object space 101376K, 33% used [0x00000000a0000000,0x00000000a20cc7e8,0x00000000a6300000)
 Metaspace       used 56730K, capacity 58878K, committed 59028K, reserved 1099776K
  class space    used 7650K, capacity 8191K, committed 8192K, reserved 1048576K
Event: 10.847 GC heap after
Heap after GC invocations=14 (full 3):
 PSYoungGen      total 185856K, used 0K [0x00000000e0000000, 0x00000000ef480000, 0x0000000100000000)
  eden space 163840K, 0% used [0x00000000e0000000,0x00000000e0000000,0x00000000ea000000)
  from space 22016K, 0% used [0x00000000ea000000,0x00000000ea000000,0x00000000eb580000)
  to   space 24064K, 0% used [0x00000000edd00000,0x00000000edd00000,0x00000000ef480000)
 ParOldGen       total 161792K, used 42217K [0x00000000a0000000, 0x00000000a9e00000, 0x00000000e0000000)
  object space 161792K, 26% used [0x00000000a0000000,0x00000000a293a5d0,0x00000000a9e00000)
 Metaspace       used 56730K, capacity 58878K, committed 59028K, reserved 1099776K
  class space    used 7650K, capacity 8191K, committed 8192K, reserved 1048576K
}

