# JRE version: OpenJDK Runtime Environment (8.0_112) (build 1.8.0_112-release-736)
# Java VM: OpenJDK 64-Bit Server VM (25.112-b736 mixed mode windows-amd64 compressed oops)
Heap:
 PSYoungGen      total 209920K, used 19577K [0x00000000e0000000, 0x00000000f2200000, 0x0000000100000000)
  eden space 192512K, 10% used [0x00000000e0000000,0x00000000e131e468,0x00000000ebc00000)
  from space 17408K, 0% used [0x00000000ebc00000,0x00000000ebc00000,0x00000000ecd00000)
  to   space 16384K, 0% used [0x00000000f1200000,0x00000000f1200000,0x00000000f2200000)
 ParOldGen       total 129024K, used 48932K [0x00000000a0000000, 0x00000000a7e00000, 0x00000000e0000000)
  object space 129024K, 37% used [0x00000000a0000000,0x00000000a2fc9188,0x00000000a7e00000)
 Metaspace       used 60352K, capacity 62654K, committed 62936K, reserved 1103872K
  class space    used 8052K, capacity 8649K, committed 8704K, reserved 1048576K
GC Heap History (10 events):
Event: 15.745 GC heap before
{Heap before GC invocations=12 (full 2):
 PSYoungGen      total 108032K, used 96256K [0x00000000e0000000, 0x00000000ea580000, 0x0000000100000000)
  eden space 96256K, 100% used [0x00000000e0000000,0x00000000e5e00000,0x00000000e5e00000)
  from space 11776K, 0% used [0x00000000e5e00000,0x00000000e5e00000,0x00000000e6980000)
  to   space 11776K, 0% used [0x00000000e9a00000,0x00000000e9a00000,0x00000000ea580000)
 ParOldGen       total 74752K, used 14713K [0x00000000a0000000, 0x00000000a4900000, 0x00000000e0000000)
  object space 74752K, 19% used [0x00000000a0000000,0x00000000a0e5e7f8,0x00000000a4900000)
 Metaspace       used 40638K, capacity 41630K, committed 41816K, reserved 1085440K
  class space    used 5425K, capacity 5754K, committed 5760K, reserved 1048576K
Event: 15.760 GC heap after
Heap after GC invocations=12 (full 2):
 PSYoungGen      total 149504K, used 10470K [0x00000000e0000000, 0x00000000ea480000, 0x0000000100000000)
  eden space 138752K, 0% used [0x00000000e0000000,0x00000000e0000000,0x00000000e8780000)
  from space 10752K, 97% used [0x00000000e9a00000,0x00000000ea439b38,0x00000000ea480000)
  to   space 12800K, 0% used [0x00000000e8b80000,0x00000000e8b80000,0x00000000e9800000)
 ParOldGen       total 74752K, used 14721K [0x00000000a0000000, 0x00000000a4900000, 0x00000000e0000000)
  object space 74752K, 19% used [0x00000000a0000000,0x00000000a0e607f8,0x00000000a4900000)
 Metaspace       used 40638K, capacity 41630K, committed 41816K, reserved 1085440K
  class space    used 5425K, capacity 5754K, committed 5760K, reserved 1048576K
}
Event: 17.449 GC heap before
{Heap before GC invocations=13 (full 2):
 PSYoungGen      total 149504K, used 149222K [0x00000000e0000000, 0x00000000ea480000, 0x0000000100000000)
  eden space 138752K, 100% used [0x00000000e0000000,0x00000000e8780000,0x00000000e8780000)
  from space 10752K, 97% used [0x00000000e9a00000,0x00000000ea439b38,0x00000000ea480000)
  to   space 12800K, 0% used [0x00000000e8b80000,0x00000000e8b80000,0x00000000e9800000)
 ParOldGen       total 74752K, used 14721K [0x00000000a0000000, 0x00000000a4900000, 0x00000000e0000000)
  object space 74752K, 19% used [0x00000000a0000000,0x00000000a0e607f8,0x00000000a4900000)
 Metaspace       used 46829K, capacity 48122K, committed 48344K, reserved 1091584K
  class space    used 6234K, capacity 6613K, committed 6656K, reserved 1048576K
Event: 17.468 GC heap after
Heap after GC invocations=13 (full 2):
 PSYoungGen      total 155648K, used 8339K [0x00000000e0000000, 0x00000000ed980000, 0x0000000100000000)
  eden space 142848K, 0% used [0x00000000e0000000,0x00000000e0000000,0x00000000e8b80000)
  from space 12800K, 65% used [0x00000000e8b80000,0x00000000e93a4d68,0x00000000e9800000)
  to   space 12800K, 0% used [0x00000000ecd00000,0x00000000ecd00000,0x00000000ed980000)
 ParOldGen       total 74752K, used 21754K [0x00000000a0000000, 0x00000000a4900000, 0x00000000e0000000)
  object space 74752K, 29% used [0x00000000a0000000,0x00000000a153e920,0x00000000a4900000)
 Metaspace       used 46829K, capacity 48122K, committed 48344K, reserved 1091584K
  class space    used 6234K, capacity 6613K, committed 6656K, reserved 1048576K
}
Event: 20.958 GC heap before
{Heap before GC invocations=14 (full 2):
 PSYoungGen      total 155648K, used 151187K [0x00000000e0000000, 0x00000000ed980000, 0x0000000100000000)
  eden space 142848K, 100% used [0x00000000e0000000,0x00000000e8b80000,0x00000000e8b80000)
  from space 12800K, 65% used [0x00000000e8b80000,0x00000000e93a4d68,0x00000000e9800000)
  to   space 12800K, 0% used [0x00000000ecd00000,0x00000000ecd00000,0x00000000ed980000)
 ParOldGen       total 74752K, used 21754K [0x00000000a0000000, 0x00000000a4900000, 0x00000000e0000000)
  object space 74752K, 29% used [0x00000000a0000000,0x00000000a153e920,0x00000000a4900000)
 Metaspace       used 53414K, capacity 55564K, committed 55640K, reserved 1097728K
  class space    used 7194K, capacity 7756K, committed 7808K, reserved 1048576K
Event: 21.002 GC heap after
Heap after GC invocations=14 (full 2):
 PSYoungGen      total 205312K, used 12800K [0x00000000e0000000, 0x00000000ee680000, 0x0000000100000000)
  eden space 192512K, 0% used [0x00000000e0000000,0x00000000e0000000,0x00000000ebc00000)
  from space 12800K, 100% used [0x00000000ecd00000,0x00000000ed980000,0x00000000ed980000)
  to   space 17408K, 0% used [0x00000000ebc00000,0x00000000ebc00000,0x00000000ecd00000)
 ParOldGen       total 74752K, used 29622K [0x00000000a0000000, 0x00000000a4900000, 0x00000000e0000000)
  object space 74752K, 39% used [0x00000000a0000000,0x00000000a1ced800,0x00000000a4900000)
 Metaspace       used 53414K, capacity 55564K, committed 55640K, reserved 1097728K
  class space    used 7194K, capacity 7756K, committed 7808K, reserved 1048576K
}
Event: 38.493 GC heap before
{Heap before GC invocations=15 (full 2):
 PSYoungGen      total 205312K, used 168741K [0x00000000e0000000, 0x00000000ee680000, 0x0000000100000000)
  eden space 192512K, 81% used [0x00000000e0000000,0x00000000e98494a0,0x00000000ebc00000)
  from space 12800K, 100% used [0x00000000ecd00000,0x00000000ed980000,0x00000000ed980000)
  to   space 17408K, 0% used [0x00000000ebc00000,0x00000000ebc00000,0x00000000ecd00000)
 ParOldGen       total 74752K, used 29622K [0x00000000a0000000, 0x00000000a4900000, 0x00000000e0000000)
  object space 74752K, 39% used [0x00000000a0000000,0x00000000a1ced800,0x00000000a4900000)
 Metaspace       used 56619K, capacity 58910K, committed 59028K, reserved 1099776K
  class space    used 7589K, capacity 8169K, committed 8192K, reserved 1048576K
Event: 38.515 GC heap after
Heap after GC invocations=15 (full 2):
 PSYoungGen      total 209920K, used 8332K [0x00000000e0000000, 0x00000000f2200000, 0x0000000100000000)
  eden space 192512K, 0% used [0x00000000e0000000,0x00000000e0000000,0x00000000ebc00000)
  from space 17408K, 47% used [0x00000000ebc00000,0x00000000ec4230b8,0x00000000ecd00000)
  to   space 16384K, 0% used [0x00000000f1200000,0x00000000f1200000,0x00000000f2200000)
 ParOldGen       total 74752K, used 42405K [0x00000000a0000000, 0x00000000a4900000, 0x00000000e0000000)
  object space 74752K, 56% used [0x00000000a0000000,0x00000000a2969600,0x00000000a4900000)
 Metaspace       used 56619K, capacity 58910K, committed 59028K, reserved 1099776K
  class space    used 7589K, capacity 8169K, committed 8192K, reserved 1048576K
}
Event: 38.515 GC heap before
{Heap before GC invocations=16 (full 3):
 PSYoungGen      total 209920K, used 8332K [0x00000000e0000000, 0x00000000f2200000, 0x0000000100000000)
  eden space 192512K, 0% used [0x00000000e0000000,0x00000000e0000000,0x00000000ebc00000)
  from space 17408K, 47% used [0x00000000ebc00000,0x00000000ec4230b8,0x00000000ecd00000)
  to   space 16384K, 0% used [0x00000000f1200000,0x00000000f1200000,0x00000000f2200000)
 ParOldGen       total 74752K, used 42405K [0x00000000a0000000, 0x00000000a4900000, 0x00000000e0000000)
  object space 74752K, 56% used [0x00000000a0000000,0x00000000a2969600,0x00000000a4900000)
 Metaspace       used 56619K, capacity 58910K, committed 59028K, reserved 1099776K
  class space    used 7589K, capacity 8169K, committed 8192K, reserved 1048576K
Event: 38.803 GC heap after
Heap after GC invocations=16 (full 3):
 PSYoungGen      total 209920K, used 0K [0x00000000e0000000, 0x00000000f2200000, 0x0000000100000000)
  eden space 192512K, 0% used [0x00000000e0000000,0x00000000e0000000,0x00000000ebc00000)
  from space 17408K, 0% used [0x00000000ebc00000,0x00000000ebc00000,0x00000000ecd00000)
  to   space 16384K, 0% used [0x00000000f1200000,0x00000000f1200000,0x00000000f2200000)
 ParOldGen       total 129024K, used 48932K [0x00000000a0000000, 0x00000000a7e00000, 0x00000000e0000000)
  object space 129024K, 37% used [0x00000000a0000000,0x00000000a2fc9188,0x00000000a7e00000)
 Metaspace       used 56619K, capacity 58910K, committed 59028K, reserved 1099776K
  class space    used 7589K, capacity 8169K, committed 8192K, reserved 1048576K
}

