# JRE version: OpenJDK Runtime Environment (8.0_112) (build 1.8.0_112-release-736)
# Java VM: OpenJDK 64-Bit Server VM (25.112-b736 mixed mode windows-amd64 compressed oops)
Heap:
 PSYoungGen      total 180736K, used 54039K [0x00000000e0000000, 0x00000000eed00000, 0x0000000100000000)
  eden space 158720K, 34% used [0x00000000e0000000,0x00000000e34c5d50,0x00000000e9b00000)
  from space 22016K, 0% used [0x00000000e9b00000,0x00000000e9b00000,0x00000000eb080000)
  to   space 22528K, 0% used [0x00000000ed700000,0x00000000ed700000,0x00000000eed00000)
 ParOldGen       total 163840K, used 42242K [0x00000000a0000000, 0x00000000aa000000, 0x00000000e0000000)
  object space 163840K, 25% used [0x00000000a0000000,0x00000000a2940b50,0x00000000aa000000)
 Metaspace       used 58105K, capacity 60258K, committed 60504K, reserved 1101824K
  class space    used 7722K, capacity 8287K, committed 8320K, reserved 1048576K
GC Heap History (10 events):
Event: 6.302 GC heap before
{Heap before GC invocations=10 (full 2):
 PSYoungGen      total 110592K, used 99840K [0x00000000e0000000, 0x00000000ead00000, 0x0000000100000000)
  eden space 99840K, 100% used [0x00000000e0000000,0x00000000e6180000,0x00000000e6180000)
  from space 10752K, 0% used [0x00000000e6180000,0x00000000e6180000,0x00000000e6c00000)
  to   space 11776K, 0% used [0x00000000ea180000,0x00000000ea180000,0x00000000ead00000)
 ParOldGen       total 103424K, used 17188K [0x00000000a0000000, 0x00000000a6500000, 0x00000000e0000000)
  object space 103424K, 16% used [0x00000000a0000000,0x00000000a10c9268,0x00000000a6500000)
 Metaspace       used 40674K, capacity 41732K, committed 42200K, reserved 1085440K
  class space    used 5430K, capacity 5788K, committed 5888K, reserved 1048576K
Event: 6.313 GC heap after
Heap after GC invocations=10 (full 2):
 PSYoungGen      total 147456K, used 10923K [0x00000000e0000000, 0x00000000eac80000, 0x0000000100000000)
  eden space 136192K, 0% used [0x00000000e0000000,0x00000000e0000000,0x00000000e8500000)
  from space 11264K, 96% used [0x00000000ea180000,0x00000000eac2ac58,0x00000000eac80000)
  to   space 12800K, 0% used [0x00000000e9380000,0x00000000e9380000,0x00000000ea000000)
 ParOldGen       total 103424K, used 17196K [0x00000000a0000000, 0x00000000a6500000, 0x00000000e0000000)
  object space 103424K, 16% used [0x00000000a0000000,0x00000000a10cb268,0x00000000a6500000)
 Metaspace       used 40674K, capacity 41732K, committed 42200K, reserved 1085440K
  class space    used 5430K, capacity 5788K, committed 5888K, reserved 1048576K
}
Event: 7.613 GC heap before
{Heap before GC invocations=11 (full 2):
 PSYoungGen      total 147456K, used 147115K [0x00000000e0000000, 0x00000000eac80000, 0x0000000100000000)
  eden space 136192K, 100% used [0x00000000e0000000,0x00000000e8500000,0x00000000e8500000)
  from space 11264K, 96% used [0x00000000ea180000,0x00000000eac2ac58,0x00000000eac80000)
  to   space 12800K, 0% used [0x00000000e9380000,0x00000000e9380000,0x00000000ea000000)
 ParOldGen       total 103424K, used 17196K [0x00000000a0000000, 0x00000000a6500000, 0x00000000e0000000)
  object space 103424K, 16% used [0x00000000a0000000,0x00000000a10cb268,0x00000000a6500000)
 Metaspace       used 47757K, capacity 49138K, committed 49240K, reserved 1091584K
  class space    used 6383K, capacity 6769K, committed 6784K, reserved 1048576K
Event: 7.627 GC heap after
Heap after GC invocations=11 (full 2):
 PSYoungGen      total 163840K, used 12785K [0x00000000e0000000, 0x00000000ebf80000, 0x0000000100000000)
  eden space 151040K, 0% used [0x00000000e0000000,0x00000000e0000000,0x00000000e9380000)
  from space 12800K, 99% used [0x00000000e9380000,0x00000000e9ffc5c8,0x00000000ea000000)
  to   space 15360K, 0% used [0x00000000eb080000,0x00000000eb080000,0x00000000ebf80000)
 ParOldGen       total 103424K, used 20693K [0x00000000a0000000, 0x00000000a6500000, 0x00000000e0000000)
  object space 103424K, 20% used [0x00000000a0000000,0x00000000a1435788,0x00000000a6500000)
 Metaspace       used 47757K, capacity 49138K, committed 49240K, reserved 1091584K
  class space    used 6383K, capacity 6769K, committed 6784K, reserved 1048576K
}
Event: 9.855 GC heap before
{Heap before GC invocations=12 (full 2):
 PSYoungGen      total 163840K, used 163825K [0x00000000e0000000, 0x00000000ebf80000, 0x0000000100000000)
  eden space 151040K, 100% used [0x00000000e0000000,0x00000000e9380000,0x00000000e9380000)
  from space 12800K, 99% used [0x00000000e9380000,0x00000000e9ffc5c8,0x00000000ea000000)
  to   space 15360K, 0% used [0x00000000eb080000,0x00000000eb080000,0x00000000ebf80000)
 ParOldGen       total 103424K, used 20693K [0x00000000a0000000, 0x00000000a6500000, 0x00000000e0000000)
  object space 103424K, 20% used [0x00000000a0000000,0x00000000a1435788,0x00000000a6500000)
 Metaspace       used 53424K, capacity 55600K, committed 55896K, reserved 1097728K
  class space    used 7181K, capacity 7724K, committed 7808K, reserved 1048576K
Event: 9.892 GC heap after
Heap after GC invocations=12 (full 2):
 PSYoungGen      total 174080K, used 15358K [0x00000000e0000000, 0x00000000edf80000, 0x0000000100000000)
  eden space 158720K, 0% used [0x00000000e0000000,0x00000000e0000000,0x00000000e9b00000)
  from space 15360K, 99% used [0x00000000eb080000,0x00000000ebf7f9f0,0x00000000ebf80000)
  to   space 22016K, 0% used [0x00000000e9b00000,0x00000000e9b00000,0x00000000eb080000)
 ParOldGen       total 103424K, used 33986K [0x00000000a0000000, 0x00000000a6500000, 0x00000000e0000000)
  object space 103424K, 32% used [0x00000000a0000000,0x00000000a2130928,0x00000000a6500000)
 Metaspace       used 53424K, capacity 55600K, committed 55896K, reserved 1097728K
  class space    used 7181K, capacity 7724K, committed 7808K, reserved 1048576K
}
Event: 10.792 GC heap before
{Heap before GC invocations=13 (full 2):
 PSYoungGen      total 174080K, used 69419K [0x00000000e0000000, 0x00000000edf80000, 0x0000000100000000)
  eden space 158720K, 34% used [0x00000000e0000000,0x00000000e34cb508,0x00000000e9b00000)
  from space 15360K, 99% used [0x00000000eb080000,0x00000000ebf7f9f0,0x00000000ebf80000)
  to   space 22016K, 0% used [0x00000000e9b00000,0x00000000e9b00000,0x00000000eb080000)
 ParOldGen       total 103424K, used 33986K [0x00000000a0000000, 0x00000000a6500000, 0x00000000e0000000)
  object space 103424K, 32% used [0x00000000a0000000,0x00000000a2130928,0x00000000a6500000)
 Metaspace       used 56723K, capacity 58882K, committed 59028K, reserved 1099776K
  class space    used 7645K, capacity 8191K, committed 8192K, reserved 1048576K
Event: 10.812 GC heap after
Heap after GC invocations=13 (full 2):
 PSYoungGen      total 180736K, used 14465K [0x00000000e0000000, 0x00000000eed00000, 0x0000000100000000)
  eden space 158720K, 0% used [0x00000000e0000000,0x00000000e0000000,0x00000000e9b00000)
  from space 22016K, 65% used [0x00000000e9b00000,0x00000000ea920730,0x00000000eb080000)
  to   space 22528K, 0% used [0x00000000ed700000,0x00000000ed700000,0x00000000eed00000)
 ParOldGen       total 103424K, used 38490K [0x00000000a0000000, 0x00000000a6500000, 0x00000000e0000000)
  object space 103424K, 37% used [0x00000000a0000000,0x00000000a2596a50,0x00000000a6500000)
 Metaspace       used 56723K, capacity 58882K, committed 59028K, reserved 1099776K
  class space    used 7645K, capacity 8191K, committed 8192K, reserved 1048576K
}
Event: 10.812 GC heap before
{Heap before GC invocations=14 (full 3):
 PSYoungGen      total 180736K, used 14465K [0x00000000e0000000, 0x00000000eed00000, 0x0000000100000000)
  eden space 158720K, 0% used [0x00000000e0000000,0x00000000e0000000,0x00000000e9b00000)
  from space 22016K, 65% used [0x00000000e9b00000,0x00000000ea920730,0x00000000eb080000)
  to   space 22528K, 0% used [0x00000000ed700000,0x00000000ed700000,0x00000000eed00000)
 ParOldGen       total 103424K, used 38490K [0x00000000a0000000, 0x00000000a6500000, 0x00000000e0000000)
  object space 103424K, 37% used [0x00000000a0000000,0x00000000a2596a50,0x00000000a6500000)
 Metaspace       used 56723K, capacity 58882K, committed 59028K, reserved 1099776K
  class space    used 7645K, capacity 8191K, committed 8192K, reserved 1048576K
Event: 11.022 GC heap after
Heap after GC invocations=14 (full 3):
 PSYoungGen      total 180736K, used 0K [0x00000000e0000000, 0x00000000eed00000, 0x0000000100000000)
  eden space 158720K, 0% used [0x00000000e0000000,0x00000000e0000000,0x00000000e9b00000)
  from space 22016K, 0% used [0x00000000e9b00000,0x00000000e9b00000,0x00000000eb080000)
  to   space 22528K, 0% used [0x00000000ed700000,0x00000000ed700000,0x00000000eed00000)
 ParOldGen       total 163840K, used 42242K [0x00000000a0000000, 0x00000000aa000000, 0x00000000e0000000)
  object space 163840K, 25% used [0x00000000a0000000,0x00000000a2940b50,0x00000000aa000000)
 Metaspace       used 56723K, capacity 58882K, committed 59028K, reserved 1099776K
  class space    used 7645K, capacity 8191K, committed 8192K, reserved 1048576K
}

