# JRE version: OpenJDK Runtime Environment (8.0_112) (build 1.8.0_112-release-736)
# Java VM: OpenJDK 64-Bit Server VM (25.112-b736 mixed mode windows-amd64 compressed oops)
Heap:
 PSYoungGen      total 153088K, used 60391K [0x00000000e0000000, 0x00000000ebc00000, 0x0000000100000000)
  eden space 140800K, 34% used [0x00000000e0000000,0x00000000e2f01960,0x00000000e8980000)
  from space 12288K, 99% used [0x00000000e8980000,0x00000000e95785b8,0x00000000e9580000)
  to   space 14848K, 0% used [0x00000000ead80000,0x00000000ead80000,0x00000000ebc00000)
 ParOldGen       total 105472K, used 20640K [0x00000000a0000000, 0x00000000a6700000, 0x00000000e0000000)
  object space 105472K, 19% used [0x00000000a0000000,0x00000000a1428360,0x00000000a6700000)
 Metaspace       used 50216K, capacity 51898K, committed 52056K, reserved 1093632K
  class space    used 6789K, capacity 7229K, committed 7296K, reserved 1048576K
GC Heap History (10 events):
Event: 4.265 GC heap before
{Heap before GC invocations=7 (full 1):
 PSYoungGen      total 71680K, used 71671K [0x00000000e0000000, 0x00000000e7380000, 0x0000000100000000)
  eden space 66560K, 100% used [0x00000000e0000000,0x00000000e4100000,0x00000000e4100000)
  from space 5120K, 99% used [0x00000000e4100000,0x00000000e45fdfb8,0x00000000e4600000)
  to   space 10240K, 0% used [0x00000000e6980000,0x00000000e6980000,0x00000000e7380000)
 ParOldGen       total 66048K, used 11513K [0x00000000a0000000, 0x00000000a4080000, 0x00000000e0000000)
  object space 66048K, 17% used [0x00000000a0000000,0x00000000a0b3e6d8,0x00000000a4080000)
 Metaspace       used 29817K, capacity 30454K, committed 30720K, reserved 1075200K
  class space    used 4046K, capacity 4270K, committed 4352K, reserved 1048576K
Event: 4.274 GC heap after
Heap after GC invocations=7 (full 1):
 PSYoungGen      total 107008K, used 7341K [0x00000000e0000000, 0x00000000e7300000, 0x0000000100000000)
  eden space 97280K, 0% used [0x00000000e0000000,0x00000000e0000000,0x00000000e5f00000)
  from space 9728K, 75% used [0x00000000e6980000,0x00000000e70ab460,0x00000000e7300000)
  to   space 10240K, 0% used [0x00000000e5f00000,0x00000000e5f00000,0x00000000e6900000)
 ParOldGen       total 66048K, used 11521K [0x00000000a0000000, 0x00000000a4080000, 0x00000000e0000000)
  object space 66048K, 17% used [0x00000000a0000000,0x00000000a0b406d8,0x00000000a4080000)
 Metaspace       used 29817K, capacity 30454K, committed 30720K, reserved 1075200K
  class space    used 4046K, capacity 4270K, committed 4352K, reserved 1048576K
}
Event: 5.323 GC heap before
{Heap before GC invocations=8 (full 1):
 PSYoungGen      total 107008K, used 60436K [0x00000000e0000000, 0x00000000e7300000, 0x0000000100000000)
  eden space 97280K, 54% used [0x00000000e0000000,0x00000000e33d9f50,0x00000000e5f00000)
  from space 9728K, 75% used [0x00000000e6980000,0x00000000e70ab460,0x00000000e7300000)
  to   space 10240K, 0% used [0x00000000e5f00000,0x00000000e5f00000,0x00000000e6900000)
 ParOldGen       total 66048K, used 11521K [0x00000000a0000000, 0x00000000a4080000, 0x00000000e0000000)
  object space 66048K, 17% used [0x00000000a0000000,0x00000000a0b406d8,0x00000000a4080000)
 Metaspace       used 34437K, capacity 35186K, committed 35416K, reserved 1079296K
  class space    used 4638K, capacity 4936K, committed 4992K, reserved 1048576K
Event: 5.341 GC heap after
Heap after GC invocations=8 (full 1):
 PSYoungGen      total 107520K, used 10217K [0x00000000e0000000, 0x00000000ea200000, 0x0000000100000000)
  eden space 97280K, 0% used [0x00000000e0000000,0x00000000e0000000,0x00000000e5f00000)
  from space 10240K, 99% used [0x00000000e5f00000,0x00000000e68fa4c8,0x00000000e6900000)
  to   space 11264K, 0% used [0x00000000e9700000,0x00000000e9700000,0x00000000ea200000)
 ParOldGen       total 66048K, used 11818K [0x00000000a0000000, 0x00000000a4080000, 0x00000000e0000000)
  object space 66048K, 17% used [0x00000000a0000000,0x00000000a0b8a9f0,0x00000000a4080000)
 Metaspace       used 34437K, capacity 35186K, committed 35416K, reserved 1079296K
  class space    used 4638K, capacity 4936K, committed 4992K, reserved 1048576K
}
Event: 5.341 GC heap before
{Heap before GC invocations=9 (full 2):
 PSYoungGen      total 107520K, used 10217K [0x00000000e0000000, 0x00000000ea200000, 0x0000000100000000)
  eden space 97280K, 0% used [0x00000000e0000000,0x00000000e0000000,0x00000000e5f00000)
  from space 10240K, 99% used [0x00000000e5f00000,0x00000000e68fa4c8,0x00000000e6900000)
  to   space 11264K, 0% used [0x00000000e9700000,0x00000000e9700000,0x00000000ea200000)
 ParOldGen       total 66048K, used 11818K [0x00000000a0000000, 0x00000000a4080000, 0x00000000e0000000)
  object space 66048K, 17% used [0x00000000a0000000,0x00000000a0b8a9f0,0x00000000a4080000)
 Metaspace       used 34437K, capacity 35186K, committed 35416K, reserved 1079296K
  class space    used 4638K, capacity 4936K, committed 4992K, reserved 1048576K
Event: 5.426 GC heap after
Heap after GC invocations=9 (full 2):
 PSYoungGen      total 107520K, used 0K [0x00000000e0000000, 0x00000000ea200000, 0x0000000100000000)
  eden space 97280K, 0% used [0x00000000e0000000,0x00000000e0000000,0x00000000e5f00000)
  from space 10240K, 0% used [0x00000000e5f00000,0x00000000e5f00000,0x00000000e6900000)
  to   space 11264K, 0% used [0x00000000e9700000,0x00000000e9700000,0x00000000ea200000)
 ParOldGen       total 105472K, used 17237K [0x00000000a0000000, 0x00000000a6700000, 0x00000000e0000000)
  object space 105472K, 16% used [0x00000000a0000000,0x00000000a10d5528,0x00000000a6700000)
 Metaspace       used 34437K, capacity 35186K, committed 35416K, reserved 1079296K
  class space    used 4638K, capacity 4936K, committed 4992K, reserved 1048576K
}
Event: 6.559 GC heap before
{Heap before GC invocations=10 (full 2):
 PSYoungGen      total 107520K, used 97280K [0x00000000e0000000, 0x00000000ea200000, 0x0000000100000000)
  eden space 97280K, 100% used [0x00000000e0000000,0x00000000e5f00000,0x00000000e5f00000)
  from space 10240K, 0% used [0x00000000e5f00000,0x00000000e5f00000,0x00000000e6900000)
  to   space 11264K, 0% used [0x00000000e9700000,0x00000000e9700000,0x00000000ea200000)
 ParOldGen       total 105472K, used 17237K [0x00000000a0000000, 0x00000000a6700000, 0x00000000e0000000)
  object space 105472K, 16% used [0x00000000a0000000,0x00000000a10d5528,0x00000000a6700000)
 Metaspace       used 40465K, capacity 41406K, committed 41816K, reserved 1085440K
  class space    used 5399K, capacity 5734K, committed 5760K, reserved 1048576K
Event: 6.575 GC heap after
Heap after GC invocations=10 (full 2):
 PSYoungGen      total 144384K, used 10412K [0x00000000e0000000, 0x00000000ea180000, 0x0000000100000000)
  eden space 133632K, 0% used [0x00000000e0000000,0x00000000e0000000,0x00000000e8280000)
  from space 10752K, 96% used [0x00000000e9700000,0x00000000ea12b1e8,0x00000000ea180000)
  to   space 12288K, 0% used [0x00000000e8980000,0x00000000e8980000,0x00000000e9580000)
 ParOldGen       total 105472K, used 17245K [0x00000000a0000000, 0x00000000a6700000, 0x00000000e0000000)
  object space 105472K, 16% used [0x00000000a0000000,0x00000000a10d7528,0x00000000a6700000)
 Metaspace       used 40465K, capacity 41406K, committed 41816K, reserved 1085440K
  class space    used 5399K, capacity 5734K, committed 5760K, reserved 1048576K
}
Event: 8.123 GC heap before
{Heap before GC invocations=11 (full 2):
 PSYoungGen      total 144384K, used 144044K [0x00000000e0000000, 0x00000000ea180000, 0x0000000100000000)
  eden space 133632K, 100% used [0x00000000e0000000,0x00000000e8280000,0x00000000e8280000)
  from space 10752K, 96% used [0x00000000e9700000,0x00000000ea12b1e8,0x00000000ea180000)
  to   space 12288K, 0% used [0x00000000e8980000,0x00000000e8980000,0x00000000e9580000)
 ParOldGen       total 105472K, used 17245K [0x00000000a0000000, 0x00000000a6700000, 0x00000000e0000000)
  object space 105472K, 16% used [0x00000000a0000000,0x00000000a10d7528,0x00000000a6700000)
 Metaspace       used 47125K, capacity 48266K, committed 48344K, reserved 1091584K
  class space    used 6276K, capacity 6619K, committed 6656K, reserved 1048576K
Event: 8.141 GC heap after
Heap after GC invocations=11 (full 2):
 PSYoungGen      total 153088K, used 12257K [0x00000000e0000000, 0x00000000ebc00000, 0x0000000100000000)
  eden space 140800K, 0% used [0x00000000e0000000,0x00000000e0000000,0x00000000e8980000)
  from space 12288K, 99% used [0x00000000e8980000,0x00000000e95785b8,0x00000000e9580000)
  to   space 14848K, 0% used [0x00000000ead80000,0x00000000ead80000,0x00000000ebc00000)
 ParOldGen       total 105472K, used 20640K [0x00000000a0000000, 0x00000000a6700000, 0x00000000e0000000)
  object space 105472K, 19% used [0x00000000a0000000,0x00000000a1428360,0x00000000a6700000)
 Metaspace       used 47125K, capacity 48266K, committed 48344K, reserved 1091584K
  class space    used 6276K, capacity 6619K, committed 6656K, reserved 1048576K
}

