# JRE version: OpenJDK Runtime Environment (8.0_112) (build 1.8.0_112-release-736)
# Java VM: OpenJDK 64-Bit Server VM (25.112-b736 mixed mode windows-amd64 compressed oops)
Heap:
 PSYoungGen      total 403968K, used 156066K [0x00000000e0000000, 0x0000000100000000, 0x0000000100000000)
  eden space 299520K, 48% used [0x00000000e0000000,0x00000000e8e53e28,0x00000000f2480000)
  from space 104448K, 9% used [0x00000000f2480000,0x00000000f2e94ba0,0x00000000f8a80000)
  to   space 103424K, 0% used [0x00000000f9b00000,0x00000000f9b00000,0x0000000100000000)
 ParOldGen       total 308736K, used 194290K [0x00000000a0000000, 0x00000000b2d80000, 0x00000000e0000000)
  object space 308736K, 62% used [0x00000000a0000000,0x00000000abdbca58,0x00000000b2d80000)
 Metaspace       used 152012K, capacity 160288K, committed 160512K, reserved 1189888K
  class space    used 18375K, capacity 20204K, committed 20224K, reserved 1048576K
GC Heap History (10 events):
Event: 1907.358 GC heap before
{Heap before GC invocations=65 (full 6):
 PSYoungGen      total 410112K, used 360988K [0x00000000e0000000, 0x0000000100000000, 0x0000000100000000)
  eden space 306176K, 95% used [0x00000000e0000000,0x00000000f1e3f3f8,0x00000000f2b00000)
  from space 103936K, 65% used [0x00000000f9680000,0x00000000fd8c7d50,0x00000000ffc00000)
  to   space 109056K, 0% used [0x00000000f2b00000,0x00000000f2b00000,0x00000000f9580000)
 ParOldGen       total 308736K, used 171775K [0x00000000a0000000, 0x00000000b2d80000, 0x00000000e0000000)
  object space 308736K, 55% used [0x00000000a0000000,0x00000000aa7bfe00,0x00000000b2d80000)
 Metaspace       used 145007K, capacity 152272K, committed 152448K, reserved 1181696K
  class space    used 17524K, capacity 19216K, committed 19328K, reserved 1048576K
Event: 1907.382 GC heap after
Heap after GC invocations=65 (full 6):
 PSYoungGen      total 343040K, used 36446K [0x00000000e0000000, 0x00000000ff800000, 0x0000000100000000)
  eden space 306176K, 0% used [0x00000000e0000000,0x00000000e0000000,0x00000000f2b00000)
  from space 36864K, 98% used [0x00000000f2b00000,0x00000000f4e97948,0x00000000f4f00000)
  to   space 102400K, 0% used [0x00000000f9400000,0x00000000f9400000,0x00000000ff800000)
 ParOldGen       total 308736K, used 174047K [0x00000000a0000000, 0x00000000b2d80000, 0x00000000e0000000)
  object space 308736K, 56% used [0x00000000a0000000,0x00000000aa9f7c50,0x00000000b2d80000)
 Metaspace       used 145007K, capacity 152272K, committed 152448K, reserved 1181696K
  class space    used 17524K, capacity 19216K, committed 19328K, reserved 1048576K
}
Event: 1908.067 GC heap before
{Heap before GC invocations=66 (full 6):
 PSYoungGen      total 343040K, used 342622K [0x00000000e0000000, 0x00000000ff800000, 0x0000000100000000)
  eden space 306176K, 100% used [0x00000000e0000000,0x00000000f2b00000,0x00000000f2b00000)
  from space 36864K, 98% used [0x00000000f2b00000,0x00000000f4e97948,0x00000000f4f00000)
  to   space 102400K, 0% used [0x00000000f9400000,0x00000000f9400000,0x00000000ff800000)
 ParOldGen       total 308736K, used 174047K [0x00000000a0000000, 0x00000000b2d80000, 0x00000000e0000000)
  object space 308736K, 56% used [0x00000000a0000000,0x00000000aa9f7c50,0x00000000b2d80000)
 Metaspace       used 145008K, capacity 152272K, committed 152448K, reserved 1181696K
  class space    used 17524K, capacity 19216K, committed 19328K, reserved 1048576K
Event: 1908.100 GC heap after
Heap after GC invocations=66 (full 6):
 PSYoungGen      total 399360K, used 86776K [0x00000000e0000000, 0x0000000100000000, 0x0000000100000000)
  eden space 296960K, 0% used [0x00000000e0000000,0x00000000e0000000,0x00000000f2200000)
  from space 102400K, 84% used [0x00000000f9400000,0x00000000fe8be260,0x00000000ff800000)
  to   space 113664K, 0% used [0x00000000f2200000,0x00000000f2200000,0x00000000f9100000)
 ParOldGen       total 308736K, used 181675K [0x00000000a0000000, 0x00000000b2d80000, 0x00000000e0000000)
  object space 308736K, 58% used [0x00000000a0000000,0x00000000ab16ac18,0x00000000b2d80000)
 Metaspace       used 145008K, capacity 152272K, committed 152448K, reserved 1181696K
  class space    used 17524K, capacity 19216K, committed 19328K, reserved 1048576K
}
Event: 1909.760 GC heap before
{Heap before GC invocations=67 (full 6):
 PSYoungGen      total 399360K, used 382918K [0x00000000e0000000, 0x0000000100000000, 0x0000000100000000)
  eden space 296960K, 99% used [0x00000000e0000000,0x00000000f2133818,0x00000000f2200000)
  from space 102400K, 84% used [0x00000000f9400000,0x00000000fe8be260,0x00000000ff800000)
  to   space 113664K, 0% used [0x00000000f2200000,0x00000000f2200000,0x00000000f9100000)
 ParOldGen       total 308736K, used 181675K [0x00000000a0000000, 0x00000000b2d80000, 0x00000000e0000000)
  object space 308736K, 58% used [0x00000000a0000000,0x00000000ab16ac18,0x00000000b2d80000)
 Metaspace       used 145019K, capacity 152272K, committed 152448K, reserved 1181696K
  class space    used 17524K, capacity 19216K, committed 19328K, reserved 1048576K
Event: 1909.772 GC heap after
Heap after GC invocations=67 (full 6):
 PSYoungGen      total 410624K, used 18404K [0x00000000e0000000, 0x0000000100000000, 0x0000000100000000)
  eden space 296960K, 0% used [0x00000000e0000000,0x00000000e0000000,0x00000000f2200000)
  from space 113664K, 16% used [0x00000000f2200000,0x00000000f33f9030,0x00000000f9100000)
  to   space 111104K, 0% used [0x00000000f9380000,0x00000000f9380000,0x0000000100000000)
 ParOldGen       total 308736K, used 185151K [0x00000000a0000000, 0x00000000b2d80000, 0x00000000e0000000)
  object space 308736K, 59% used [0x00000000a0000000,0x00000000ab4cfef8,0x00000000b2d80000)
 Metaspace       used 145019K, capacity 152272K, committed 152448K, reserved 1181696K
  class space    used 17524K, capacity 19216K, committed 19328K, reserved 1048576K
}
Event: 1952.849 GC heap before
{Heap before GC invocations=68 (full 6):
 PSYoungGen      total 410624K, used 315364K [0x00000000e0000000, 0x0000000100000000, 0x0000000100000000)
  eden space 296960K, 100% used [0x00000000e0000000,0x00000000f2200000,0x00000000f2200000)
  from space 113664K, 16% used [0x00000000f2200000,0x00000000f33f9030,0x00000000f9100000)
  to   space 111104K, 0% used [0x00000000f9380000,0x00000000f9380000,0x0000000100000000)
 ParOldGen       total 308736K, used 185151K [0x00000000a0000000, 0x00000000b2d80000, 0x00000000e0000000)
  object space 308736K, 59% used [0x00000000a0000000,0x00000000ab4cfef8,0x00000000b2d80000)
 Metaspace       used 146425K, capacity 154780K, committed 155136K, reserved 1185792K
  class space    used 17761K, capacity 19590K, committed 19712K, reserved 1048576K
Event: 1952.885 GC heap after
Heap after GC invocations=68 (full 6):
 PSYoungGen      total 394752K, used 37762K [0x00000000e0000000, 0x00000000ff080000, 0x0000000100000000)
  eden space 299520K, 0% used [0x00000000e0000000,0x00000000e0000000,0x00000000f2480000)
  from space 95232K, 39% used [0x00000000f9380000,0x00000000fb860958,0x00000000ff080000)
  to   space 104448K, 0% used [0x00000000f2480000,0x00000000f2480000,0x00000000f8a80000)
 ParOldGen       total 308736K, used 185359K [0x00000000a0000000, 0x00000000b2d80000, 0x00000000e0000000)
  object space 308736K, 60% used [0x00000000a0000000,0x00000000ab503f58,0x00000000b2d80000)
 Metaspace       used 146425K, capacity 154780K, committed 155136K, reserved 1185792K
  class space    used 17761K, capacity 19590K, committed 19712K, reserved 1048576K
}
Event: 1957.827 GC heap before
{Heap before GC invocations=69 (full 6):
 PSYoungGen      total 394752K, used 337282K [0x00000000e0000000, 0x00000000ff080000, 0x0000000100000000)
  eden space 299520K, 100% used [0x00000000e0000000,0x00000000f2480000,0x00000000f2480000)
  from space 95232K, 39% used [0x00000000f9380000,0x00000000fb860958,0x00000000ff080000)
  to   space 104448K, 0% used [0x00000000f2480000,0x00000000f2480000,0x00000000f8a80000)
 ParOldGen       total 308736K, used 185359K [0x00000000a0000000, 0x00000000b2d80000, 0x00000000e0000000)
  object space 308736K, 60% used [0x00000000a0000000,0x00000000ab503f58,0x00000000b2d80000)
 Metaspace       used 151903K, capacity 160200K, committed 160256K, reserved 1189888K
  class space    used 18364K, capacity 20200K, committed 20224K, reserved 1048576K
Event: 1957.850 GC heap after
Heap after GC invocations=69 (full 6):
 PSYoungGen      total 403968K, used 10322K [0x00000000e0000000, 0x0000000100000000, 0x0000000100000000)
  eden space 299520K, 0% used [0x00000000e0000000,0x00000000e0000000,0x00000000f2480000)
  from space 104448K, 9% used [0x00000000f2480000,0x00000000f2e94ba0,0x00000000f8a80000)
  to   space 103424K, 0% used [0x00000000f9b00000,0x00000000f9b00000,0x0000000100000000)
 ParOldGen       total 308736K, used 194290K [0x00000000a0000000, 0x00000000b2d80000, 0x00000000e0000000)
  object space 308736K, 62% used [0x00000000a0000000,0x00000000abdbca58,0x00000000b2d80000)
 Metaspace       used 151903K, capacity 160200K, committed 160256K, reserved 1189888K
  class space    used 18364K, capacity 20200K, committed 20224K, reserved 1048576K
}

