# JRE version: OpenJDK Runtime Environment (8.0_112) (build 1.8.0_112-release-736)
# Java VM: OpenJDK 64-Bit Server VM (25.112-b736 mixed mode windows-amd64 compressed oops)
Heap:
 PSYoungGen      total 244224K, used 242830K [0x00000000e0000000, 0x00000000f0500000, 0x0000000100000000)
  eden space 222720K, 99% used [0x00000000e0000000,0x00000000ed921f70,0x00000000ed980000)
  from space 21504K, 95% used [0x00000000eef00000,0x00000000f0301a38,0x00000000f0400000)
  to   space 22016K, 0% used [0x00000000ed980000,0x00000000ed980000,0x00000000eef00000)
 ParOldGen       total 148480K, used 62189K [0x00000000a0000000, 0x00000000a9100000, 0x00000000e0000000)
  object space 148480K, 41% used [0x00000000a0000000,0x00000000a3cbb680,0x00000000a9100000)
 Metaspace       used 68930K, capacity 72434K, committed 72576K, reserved 1112064K
  class space    used 8995K, capacity 9843K, committed 9856K, reserved 1048576K
GC Heap History (10 events):
Event: 46.240 GC heap before
{Heap before GC invocations=13 (full 2):
 PSYoungGen      total 182784K, used 31141K [0x00000000e0000000, 0x00000000ecf00000, 0x0000000100000000)
  eden space 166912K, 9% used [0x00000000e0000000,0x00000000e0eeba30,0x00000000ea300000)
  from space 15872K, 99% used [0x00000000eb800000,0x00000000ec77d9f0,0x00000000ec780000)
  to   space 21504K, 0% used [0x00000000ea300000,0x00000000ea300000,0x00000000eb800000)
 ParOldGen       total 101376K, used 32559K [0x00000000a0000000, 0x00000000a6300000, 0x00000000e0000000)
  object space 101376K, 32% used [0x00000000a0000000,0x00000000a1fcbe88,0x00000000a6300000)
 Metaspace       used 56881K, capacity 58916K, committed 59028K, reserved 1099776K
  class space    used 7562K, capacity 8094K, committed 8192K, reserved 1048576K
Event: 46.258 GC heap after
Heap after GC invocations=13 (full 2):
 PSYoungGen      total 188416K, used 13810K [0x00000000e0000000, 0x00000000f0400000, 0x0000000100000000)
  eden space 166912K, 0% used [0x00000000e0000000,0x00000000e0000000,0x00000000ea300000)
  from space 21504K, 64% used [0x00000000ea300000,0x00000000eb07c8e8,0x00000000eb800000)
  to   space 21504K, 0% used [0x00000000eef00000,0x00000000eef00000,0x00000000f0400000)
 ParOldGen       total 101376K, used 37191K [0x00000000a0000000, 0x00000000a6300000, 0x00000000e0000000)
  object space 101376K, 36% used [0x00000000a0000000,0x00000000a2451fb0,0x00000000a6300000)
 Metaspace       used 56881K, capacity 58916K, committed 59028K, reserved 1099776K
  class space    used 7562K, capacity 8094K, committed 8192K, reserved 1048576K
}
Event: 46.258 GC heap before
{Heap before GC invocations=14 (full 3):
 PSYoungGen      total 188416K, used 13810K [0x00000000e0000000, 0x00000000f0400000, 0x0000000100000000)
  eden space 166912K, 0% used [0x00000000e0000000,0x00000000e0000000,0x00000000ea300000)
  from space 21504K, 64% used [0x00000000ea300000,0x00000000eb07c8e8,0x00000000eb800000)
  to   space 21504K, 0% used [0x00000000eef00000,0x00000000eef00000,0x00000000f0400000)
 ParOldGen       total 101376K, used 37191K [0x00000000a0000000, 0x00000000a6300000, 0x00000000e0000000)
  object space 101376K, 36% used [0x00000000a0000000,0x00000000a2451fb0,0x00000000a6300000)
 Metaspace       used 56881K, capacity 58916K, committed 59028K, reserved 1099776K
  class space    used 7562K, capacity 8094K, committed 8192K, reserved 1048576K
Event: 46.466 GC heap after
Heap after GC invocations=14 (full 3):
 PSYoungGen      total 188416K, used 0K [0x00000000e0000000, 0x00000000f0400000, 0x0000000100000000)
  eden space 166912K, 0% used [0x00000000e0000000,0x00000000e0000000,0x00000000ea300000)
  from space 21504K, 0% used [0x00000000ea300000,0x00000000ea300000,0x00000000eb800000)
  to   space 21504K, 0% used [0x00000000eef00000,0x00000000eef00000,0x00000000f0400000)
 ParOldGen       total 148480K, used 43065K [0x00000000a0000000, 0x00000000a9100000, 0x00000000e0000000)
  object space 148480K, 29% used [0x00000000a0000000,0x00000000a2a0e5a0,0x00000000a9100000)
 Metaspace       used 56881K, capacity 58916K, committed 59028K, reserved 1099776K
  class space    used 7562K, capacity 8094K, committed 8192K, reserved 1048576K
}
Event: 64.376 GC heap before
{Heap before GC invocations=15 (full 3):
 PSYoungGen      total 188416K, used 166912K [0x00000000e0000000, 0x00000000f0400000, 0x0000000100000000)
  eden space 166912K, 100% used [0x00000000e0000000,0x00000000ea300000,0x00000000ea300000)
  from space 21504K, 0% used [0x00000000ea300000,0x00000000ea300000,0x00000000eb800000)
  to   space 21504K, 0% used [0x00000000eef00000,0x00000000eef00000,0x00000000f0400000)
 ParOldGen       total 148480K, used 43065K [0x00000000a0000000, 0x00000000a9100000, 0x00000000e0000000)
  object space 148480K, 29% used [0x00000000a0000000,0x00000000a2a0e5a0,0x00000000a9100000)
 Metaspace       used 59035K, capacity 61218K, committed 61440K, reserved 1101824K
  class space    used 7752K, capacity 8331K, committed 8448K, reserved 1048576K
Event: 64.395 GC heap after
Heap after GC invocations=15 (full 3):
 PSYoungGen      total 244224K, used 14815K [0x00000000e0000000, 0x00000000f0500000, 0x0000000100000000)
  eden space 222720K, 0% used [0x00000000e0000000,0x00000000e0000000,0x00000000ed980000)
  from space 21504K, 68% used [0x00000000eef00000,0x00000000efd77f50,0x00000000f0400000)
  to   space 22016K, 0% used [0x00000000ed980000,0x00000000ed980000,0x00000000eef00000)
 ParOldGen       total 148480K, used 43073K [0x00000000a0000000, 0x00000000a9100000, 0x00000000e0000000)
  object space 148480K, 29% used [0x00000000a0000000,0x00000000a2a105a0,0x00000000a9100000)
 Metaspace       used 59035K, capacity 61218K, committed 61440K, reserved 1101824K
  class space    used 7752K, capacity 8331K, committed 8448K, reserved 1048576K
}
Event: 75.234 GC heap before
{Heap before GC invocations=16 (full 3):
 PSYoungGen      total 244224K, used 237535K [0x00000000e0000000, 0x00000000f0500000, 0x0000000100000000)
  eden space 222720K, 100% used [0x00000000e0000000,0x00000000ed980000,0x00000000ed980000)
  from space 21504K, 68% used [0x00000000eef00000,0x00000000efd77f50,0x00000000f0400000)
  to   space 22016K, 0% used [0x00000000ed980000,0x00000000ed980000,0x00000000eef00000)
 ParOldGen       total 148480K, used 43073K [0x00000000a0000000, 0x00000000a9100000, 0x00000000e0000000)
  object space 148480K, 29% used [0x00000000a0000000,0x00000000a2a105a0,0x00000000a9100000)
 Metaspace       used 60775K, capacity 63048K, committed 63360K, reserved 1103872K
  class space    used 7946K, capacity 8502K, committed 8576K, reserved 1048576K
Event: 75.262 GC heap after
Heap after GC invocations=16 (full 3):
 PSYoungGen      total 244736K, used 6756K [0x00000000e0000000, 0x00000000f0500000, 0x0000000100000000)
  eden space 222720K, 0% used [0x00000000e0000000,0x00000000e0000000,0x00000000ed980000)
  from space 22016K, 30% used [0x00000000ed980000,0x00000000ee019220,0x00000000eef00000)
  to   space 21504K, 0% used [0x00000000eef00000,0x00000000eef00000,0x00000000f0400000)
 ParOldGen       total 148480K, used 56377K [0x00000000a0000000, 0x00000000a9100000, 0x00000000e0000000)
  object space 148480K, 37% used [0x00000000a0000000,0x00000000a370e7a0,0x00000000a9100000)
 Metaspace       used 60775K, capacity 63048K, committed 63360K, reserved 1103872K
  class space    used 7946K, capacity 8502K, committed 8576K, reserved 1048576K
}
Event: 83.885 GC heap before
{Heap before GC invocations=17 (full 3):
 PSYoungGen      total 244736K, used 229476K [0x00000000e0000000, 0x00000000f0500000, 0x0000000100000000)
  eden space 222720K, 100% used [0x00000000e0000000,0x00000000ed980000,0x00000000ed980000)
  from space 22016K, 30% used [0x00000000ed980000,0x00000000ee019220,0x00000000eef00000)
  to   space 21504K, 0% used [0x00000000eef00000,0x00000000eef00000,0x00000000f0400000)
 ParOldGen       total 148480K, used 56377K [0x00000000a0000000, 0x00000000a9100000, 0x00000000e0000000)
  object space 148480K, 37% used [0x00000000a0000000,0x00000000a370e7a0,0x00000000a9100000)
 Metaspace       used 65829K, capacity 68868K, committed 69120K, reserved 1110016K
  class space    used 8477K, capacity 9205K, committed 9216K, reserved 1048576K
Event: 83.945 GC heap after
Heap after GC invocations=17 (full 3):
 PSYoungGen      total 244224K, used 20486K [0x00000000e0000000, 0x00000000f0500000, 0x0000000100000000)
  eden space 222720K, 0% used [0x00000000e0000000,0x00000000e0000000,0x00000000ed980000)
  from space 21504K, 95% used [0x00000000eef00000,0x00000000f0301a38,0x00000000f0400000)
  to   space 22016K, 0% used [0x00000000ed980000,0x00000000ed980000,0x00000000eef00000)
 ParOldGen       total 148480K, used 62189K [0x00000000a0000000, 0x00000000a9100000, 0x00000000e0000000)
  object space 148480K, 41% used [0x00000000a0000000,0x00000000a3cbb680,0x00000000a9100000)
 Metaspace       used 65829K, capacity 68868K, committed 69120K, reserved 1110016K
  class space    used 8477K, capacity 9205K, committed 9216K, reserved 1048576K
}

