# JRE version: OpenJDK Runtime Environment (8.0_112) (build 1.8.0_112-release-736)
# Java VM: OpenJDK 64-Bit Server VM (25.112-b736 mixed mode windows-amd64 compressed oops)
Heap:
 PSYoungGen      total 219648K, used 52274K [0x00000000e0000000, 0x00000000f1c80000, 0x0000000100000000)
  eden space 196096K, 14% used [0x00000000e0000000,0x00000000e1c0eb38,0x00000000ebf80000)
  from space 23552K, 99% used [0x00000000ebf80000,0x00000000ed67e0b0,0x00000000ed680000)
  to   space 36864K, 0% used [0x00000000ef880000,0x00000000ef880000,0x00000000f1c80000)
 ParOldGen       total 104448K, used 72945K [0x00000000a0000000, 0x00000000a6600000, 0x00000000e0000000)
  object space 104448K, 69% used [0x00000000a0000000,0x00000000a473c720,0x00000000a6600000)
 Metaspace       used 66448K, capacity 68844K, committed 69080K, reserved 1110016K
  class space    used 8573K, capacity 9178K, committed 9216K, reserved 1048576K
GC Heap History (10 events):
Event: 10.332 GC heap before
{Heap before GC invocations=12 (full 2):
 PSYoungGen      total 150528K, used 150507K [0x00000000e0000000, 0x00000000ebe00000, 0x0000000100000000)
  eden space 138240K, 100% used [0x00000000e0000000,0x00000000e8700000,0x00000000e8700000)
  from space 12288K, 99% used [0x00000000e8700000,0x00000000e92facd0,0x00000000e9300000)
  to   space 15360K, 0% used [0x00000000eaf00000,0x00000000eaf00000,0x00000000ebe00000)
 ParOldGen       total 104448K, used 20791K [0x00000000a0000000, 0x00000000a6600000, 0x00000000e0000000)
  object space 104448K, 19% used [0x00000000a0000000,0x00000000a144dcb8,0x00000000a6600000)
 Metaspace       used 53374K, capacity 55532K, committed 55640K, reserved 1097728K
  class space    used 7187K, capacity 7724K, committed 7808K, reserved 1048576K
Event: 10.378 GC heap after
Heap after GC invocations=12 (full 2):
 PSYoungGen      total 173056K, used 15345K [0x00000000e0000000, 0x00000000ed280000, 0x0000000100000000)
  eden space 157696K, 0% used [0x00000000e0000000,0x00000000e0000000,0x00000000e9a00000)
  from space 15360K, 99% used [0x00000000eaf00000,0x00000000ebdfc710,0x00000000ebe00000)
  to   space 21504K, 0% used [0x00000000e9a00000,0x00000000e9a00000,0x00000000eaf00000)
 ParOldGen       total 104448K, used 32856K [0x00000000a0000000, 0x00000000a6600000, 0x00000000e0000000)
  object space 104448K, 31% used [0x00000000a0000000,0x00000000a20163d0,0x00000000a6600000)
 Metaspace       used 53374K, capacity 55532K, committed 55640K, reserved 1097728K
  class space    used 7187K, capacity 7724K, committed 7808K, reserved 1048576K
}
Event: 11.470 GC heap before
{Heap before GC invocations=13 (full 2):
 PSYoungGen      total 173056K, used 84599K [0x00000000e0000000, 0x00000000ed280000, 0x0000000100000000)
  eden space 157696K, 43% used [0x00000000e0000000,0x00000000e43a1880,0x00000000e9a00000)
  from space 15360K, 99% used [0x00000000eaf00000,0x00000000ebdfc710,0x00000000ebe00000)
  to   space 21504K, 0% used [0x00000000e9a00000,0x00000000e9a00000,0x00000000eaf00000)
 ParOldGen       total 104448K, used 32856K [0x00000000a0000000, 0x00000000a6600000, 0x00000000e0000000)
  object space 104448K, 31% used [0x00000000a0000000,0x00000000a20163d0,0x00000000a6600000)
 Metaspace       used 56703K, capacity 58878K, committed 59028K, reserved 1099776K
  class space    used 7649K, capacity 8191K, committed 8192K, reserved 1048576K
Event: 11.509 GC heap after
Heap after GC invocations=13 (full 2):
 PSYoungGen      total 179200K, used 20257K [0x00000000e0000000, 0x00000000ef680000, 0x0000000100000000)
  eden space 157696K, 0% used [0x00000000e0000000,0x00000000e0000000,0x00000000e9a00000)
  from space 21504K, 94% used [0x00000000e9a00000,0x00000000eadc8730,0x00000000eaf00000)
  to   space 24064K, 0% used [0x00000000edf00000,0x00000000edf00000,0x00000000ef680000)
 ParOldGen       total 104448K, used 32864K [0x00000000a0000000, 0x00000000a6600000, 0x00000000e0000000)
  object space 104448K, 31% used [0x00000000a0000000,0x00000000a20183d0,0x00000000a6600000)
 Metaspace       used 56703K, capacity 58878K, committed 59028K, reserved 1099776K
  class space    used 7649K, capacity 8191K, committed 8192K, reserved 1048576K
}
Event: 11.509 GC heap before
{Heap before GC invocations=14 (full 3):
 PSYoungGen      total 179200K, used 20257K [0x00000000e0000000, 0x00000000ef680000, 0x0000000100000000)
  eden space 157696K, 0% used [0x00000000e0000000,0x00000000e0000000,0x00000000e9a00000)
  from space 21504K, 94% used [0x00000000e9a00000,0x00000000eadc8730,0x00000000eaf00000)
  to   space 24064K, 0% used [0x00000000edf00000,0x00000000edf00000,0x00000000ef680000)
 ParOldGen       total 104448K, used 32864K [0x00000000a0000000, 0x00000000a6600000, 0x00000000e0000000)
  object space 104448K, 31% used [0x00000000a0000000,0x00000000a20183d0,0x00000000a6600000)
 Metaspace       used 56703K, capacity 58878K, committed 59028K, reserved 1099776K
  class space    used 7649K, capacity 8191K, committed 8192K, reserved 1048576K
Event: 11.904 GC heap after
Heap after GC invocations=14 (full 3):
 PSYoungGen      total 179200K, used 0K [0x00000000e0000000, 0x00000000ef680000, 0x0000000100000000)
  eden space 157696K, 0% used [0x00000000e0000000,0x00000000e0000000,0x00000000e9a00000)
  from space 21504K, 0% used [0x00000000e9a00000,0x00000000e9a00000,0x00000000eaf00000)
  to   space 24064K, 0% used [0x00000000edf00000,0x00000000edf00000,0x00000000ef680000)
 ParOldGen       total 104448K, used 45363K [0x00000000a0000000, 0x00000000a6600000, 0x00000000e0000000)
  object space 104448K, 43% used [0x00000000a0000000,0x00000000a2c4cfb0,0x00000000a6600000)
 Metaspace       used 56703K, capacity 58878K, committed 59028K, reserved 1099776K
  class space    used 7649K, capacity 8191K, committed 8192K, reserved 1048576K
}
Event: 18.323 GC heap before
{Heap before GC invocations=15 (full 3):
 PSYoungGen      total 179200K, used 157696K [0x00000000e0000000, 0x00000000ef680000, 0x0000000100000000)
  eden space 157696K, 100% used [0x00000000e0000000,0x00000000e9a00000,0x00000000e9a00000)
  from space 21504K, 0% used [0x00000000e9a00000,0x00000000e9a00000,0x00000000eaf00000)
  to   space 24064K, 0% used [0x00000000edf00000,0x00000000edf00000,0x00000000ef680000)
 ParOldGen       total 104448K, used 45363K [0x00000000a0000000, 0x00000000a6600000, 0x00000000e0000000)
  object space 104448K, 43% used [0x00000000a0000000,0x00000000a2c4cfb0,0x00000000a6600000)
 Metaspace       used 59650K, capacity 61790K, committed 61912K, reserved 1103872K
  class space    used 7821K, capacity 8351K, committed 8448K, reserved 1048576K
Event: 18.341 GC heap after
Heap after GC invocations=15 (full 3):
 PSYoungGen      total 201216K, used 14652K [0x00000000e0000000, 0x00000000eed80000, 0x0000000100000000)
  eden space 186368K, 0% used [0x00000000e0000000,0x00000000e0000000,0x00000000eb600000)
  from space 14848K, 98% used [0x00000000edf00000,0x00000000eed4f380,0x00000000eed80000)
  to   space 23552K, 0% used [0x00000000ebf80000,0x00000000ebf80000,0x00000000ed680000)
 ParOldGen       total 104448K, used 45371K [0x00000000a0000000, 0x00000000a6600000, 0x00000000e0000000)
  object space 104448K, 43% used [0x00000000a0000000,0x00000000a2c4efb0,0x00000000a6600000)
 Metaspace       used 59650K, capacity 61790K, committed 61912K, reserved 1103872K
  class space    used 7821K, capacity 8351K, committed 8448K, reserved 1048576K
}
Event: 25.702 GC heap before
{Heap before GC invocations=16 (full 3):
 PSYoungGen      total 201216K, used 201020K [0x00000000e0000000, 0x00000000eed80000, 0x0000000100000000)
  eden space 186368K, 100% used [0x00000000e0000000,0x00000000eb600000,0x00000000eb600000)
  from space 14848K, 98% used [0x00000000edf00000,0x00000000eed4f380,0x00000000eed80000)
  to   space 23552K, 0% used [0x00000000ebf80000,0x00000000ebf80000,0x00000000ed680000)
 ParOldGen       total 104448K, used 45371K [0x00000000a0000000, 0x00000000a6600000, 0x00000000e0000000)
  object space 104448K, 43% used [0x00000000a0000000,0x00000000a2c4efb0,0x00000000a6600000)
 Metaspace       used 64282K, capacity 66604K, committed 66776K, reserved 1107968K
  class space    used 8306K, capacity 8922K, committed 8960K, reserved 1048576K
Event: 25.757 GC heap after
Heap after GC invocations=16 (full 3):
 PSYoungGen      total 219648K, used 23544K [0x00000000e0000000, 0x00000000f1c80000, 0x0000000100000000)
  eden space 196096K, 0% used [0x00000000e0000000,0x00000000e0000000,0x00000000ebf80000)
  from space 23552K, 99% used [0x00000000ebf80000,0x00000000ed67e0b0,0x00000000ed680000)
  to   space 36864K, 0% used [0x00000000ef880000,0x00000000ef880000,0x00000000f1c80000)
 ParOldGen       total 104448K, used 72945K [0x00000000a0000000, 0x00000000a6600000, 0x00000000e0000000)
  object space 104448K, 69% used [0x00000000a0000000,0x00000000a473c720,0x00000000a6600000)
 Metaspace       used 64282K, capacity 66604K, committed 66776K, reserved 1107968K
  class space    used 8306K, capacity 8922K, committed 8960K, reserved 1048576K
}

